<?xml version="1.0" encoding="UTF-8"?>
<testsuite xmlns:xsi="http://www.w3.org/2001/XMLSchema-instance" xsi:noNamespaceSchemaLocation="https://maven.apache.org/surefire/maven-surefire-plugin/xsd/surefire-test-report.xsd" name="TestSuite" time="160.511" tests="45" errors="0" skipped="27" failures="9">
  <properties>
[...]
</properties>
  <testcase name="C11_BankFee" classname="Inbound_Testing.InboundTesting" time="0">
    <skipped message="expected [200] but found [502]"/>
    <system-out><![CDATA[log4j: reset attribute= "false".
log4j: Threshold ="null".
log4j: Level value for root is  [DEBUG].
log4j: root level set to DEBUG
log4j: Class name: [org.apache.log4j.ConsoleAppender]
log4j: Parsing layout of class: "org.apache.log4j.PatternLayout"
log4j: Setting property [conversionPattern] to [%d{yyyy-MM-dd HH:mm:ss} %-5p %c{1}:%L - %m%n].
log4j: Adding appender named [console] to category [root].
log4j: Class name: [org.apache.log4j.RollingFileAppender]
log4j: Setting property [append] to [false].
log4j: Setting property [maxFileSize] to [10MB].
log4j: Setting property [maxBackupIndex] to [10].
log4j: Setting property [file] to [log4j/logs.log].
log4j: Parsing layout of class: "org.apache.log4j.PatternLayout"
log4j: Setting property [conversionPattern] to [%d{yyyy-MM-dd HH:mm:ss} %-5p %c{1}:%L - %m%n].
log4j: setFile called: log4j/logs.log, false
log4j: setFile ended
log4j: Adding appender named [file] to category [root].
2021-04-29 14:07:00 INFO  payLoadsConvertor:16 - Inside payloads fn:
2021-04-29 14:07:00 INFO  InboundTesting:268 - **** Test Cases : Post Method *****
2021-04-29 14:07:00 INFO  URL:51 - PetStore URL Endpoint: https://d-api.sbdinc.com/corpjourneycaa/v1/Inbound/post
2021-04-29 14:07:00 INFO  RestCalls:43 - Post Request Call-
2021-04-29 14:07:04 DEBUG BasicClientConnectionManager:161 - Get connection for route {s}->https://d-api.sbdinc.com:443
2021-04-29 14:07:04 DEBUG DefaultClientConnectionOperator:177 - Connecting to d-api.sbdinc.com:443
2021-04-29 14:07:06 DEBUG RequestAddCookies:123 - CookieSpec selected: ignoreCookies
2021-04-29 14:07:06 DEBUG RequestAuthCache:77 - Auth cache not set in the context
2021-04-29 14:07:06 DEBUG RequestTargetAuthentication:80 - Target auth state: UNCHALLENGED
2021-04-29 14:07:06 DEBUG RequestProxyAuthentication:89 - Proxy auth state: UNCHALLENGED
2021-04-29 14:07:06 DEBUG DefaultHttpClient:682 - Attempt 1 to execute request
2021-04-29 14:07:06 DEBUG DefaultClientConnection:274 - Sending request: POST /corpjourneycaa/v1/Inbound/post?Agora-Subscription-Key=48dfe6a704414f4c9f61b37a6b983fd7 HTTP/1.1
2021-04-29 14:07:06 DEBUG wire:73 -  >> "POST /corpjourneycaa/v1/Inbound/post?Agora-Subscription-Key=48dfe6a704414f4c9f61b37a6b983fd7 HTTP/1.1[\r][\n]"
2021-04-29 14:07:06 DEBUG wire:73 -  >> "Accept: */*[\r][\n]"
2021-04-29 14:07:06 DEBUG wire:73 -  >> "Content-Type: application/json; charset=UTF-8[\r][\n]"
2021-04-29 14:07:06 DEBUG wire:73 -  >> "Content-Length: 0[\r][\n]"
2021-04-29 14:07:06 DEBUG wire:73 -  >> "Host: d-api.sbdinc.com[\r][\n]"
2021-04-29 14:07:06 DEBUG wire:73 -  >> "Connection: Keep-Alive[\r][\n]"
2021-04-29 14:07:06 DEBUG wire:73 -  >> "User-Agent: Apache-HttpClient/4.5.3 (Java/1.8.0_191)[\r][\n]"
2021-04-29 14:07:06 DEBUG wire:73 -  >> "Accept-Encoding: gzip,deflate[\r][\n]"
2021-04-29 14:07:06 DEBUG wire:73 -  >> "[\r][\n]"
2021-04-29 14:07:06 DEBUG headers:278 - >> POST /corpjourneycaa/v1/Inbound/post?Agora-Subscription-Key=48dfe6a704414f4c9f61b37a6b983fd7 HTTP/1.1
2021-04-29 14:07:06 DEBUG headers:281 - >> Accept: */*
2021-04-29 14:07:06 DEBUG headers:281 - >> Content-Type: application/json; charset=UTF-8
2021-04-29 14:07:06 DEBUG headers:281 - >> Content-Length: 0
2021-04-29 14:07:06 DEBUG headers:281 - >> Host: d-api.sbdinc.com
2021-04-29 14:07:06 DEBUG headers:281 - >> Connection: Keep-Alive
2021-04-29 14:07:06 DEBUG headers:281 - >> User-Agent: Apache-HttpClient/4.5.3 (Java/1.8.0_191)
2021-04-29 14:07:06 DEBUG headers:281 - >> Accept-Encoding: gzip,deflate
2021-04-29 14:07:08 DEBUG wire:73 -  << "HTTP/1.1 502 Bad Gateway[\r][\n]"
2021-04-29 14:07:08 DEBUG wire:73 -  << "Cache-Control: no-cache[\r][\n]"
2021-04-29 14:07:08 DEBUG wire:73 -  << "Pragma: no-cache[\r][\n]"
2021-04-29 14:07:08 DEBUG wire:73 -  << "Content-Type: application/json; charset=utf-8[\r][\n]"
2021-04-29 14:07:08 DEBUG wire:73 -  << "Expires: -1[\r][\n]"
2021-04-29 14:07:08 DEBUG wire:73 -  << "x-ms-failure-cause: Trigger[\r][\n]"
2021-04-29 14:07:08 DEBUG wire:73 -  << "x-ms-workflow-run-id: 08585819214492819495731370739CU03[\r][\n]"
2021-04-29 14:07:08 DEBUG wire:73 -  << "x-ms-correlation-id: 075a7db5-91ef-4e05-9eb1-273e3e93ee74[\r][\n]"
2021-04-29 14:07:08 DEBUG wire:73 -  << "x-ms-client-tracking-id: 08585819214492819495731370739CU03[\r][\n]"
2021-04-29 14:07:08 DEBUG wire:73 -  << "x-ms-trigger-history-name: 08585819214492819495731370739CU03[\r][\n]"
2021-04-29 14:07:08 DEBUG wire:73 -  << "x-ms-execution-location: eastus[\r][\n]"
2021-04-29 14:07:08 DEBUG wire:73 -  << "x-ms-workflow-system-id: /locations/eastus/scaleunits/prod-03/workflows/21a2c519adea46fa8226d9348badd1c9[\r][\n]"
2021-04-29 14:07:08 DEBUG wire:73 -  << "x-ms-workflow-id: 21a2c519adea46fa8226d9348badd1c9[\r][\n]"
2021-04-29 14:07:08 DEBUG wire:73 -  << "x-ms-workflow-version: 08585825003350923326[\r][\n]"
2021-04-29 14:07:08 DEBUG wire:73 -  << "x-ms-workflow-name: sbd-SBD.CORP.JOURNEY-CAA-Inbound-APIMReceive-useast-dev-la[\r][\n]"
2021-04-29 14:07:08 DEBUG wire:73 -  << "x-ms-tracking-id: 075a7db5-91ef-4e05-9eb1-273e3e93ee74[\r][\n]"
2021-04-29 14:07:08 DEBUG wire:73 -  << "x-ms-request-id: eastus:075a7db5-91ef-4e05-9eb1-273e3e93ee74[\r][\n]"
2021-04-29 14:07:08 DEBUG wire:73 -  << "Strict-Transport-Security: max-age=31536000; includeSubDomains[\r][\n]"
2021-04-29 14:07:08 DEBUG wire:73 -  << "Date: Thu, 29 Apr 2021 08:37:16 GMT[\r][\n]"
2021-04-29 14:07:08 DEBUG wire:73 -  << "Content-Length: 163[\r][\n]"
2021-04-29 14:07:08 DEBUG wire:73 -  << "[\r][\n]"
2021-04-29 14:07:08 DEBUG DefaultClientConnection:259 - Receiving response: HTTP/1.1 502 Bad Gateway
2021-04-29 14:07:08 DEBUG headers:262 - << HTTP/1.1 502 Bad Gateway
2021-04-29 14:07:08 DEBUG headers:265 - << Cache-Control: no-cache
2021-04-29 14:07:08 DEBUG headers:265 - << Pragma: no-cache
2021-04-29 14:07:08 DEBUG headers:265 - << Content-Type: application/json; charset=utf-8
2021-04-29 14:07:08 DEBUG headers:265 - << Expires: -1
2021-04-29 14:07:08 DEBUG headers:265 - << x-ms-failure-cause: Trigger
2021-04-29 14:07:08 DEBUG headers:265 - << x-ms-workflow-run-id: 08585819214492819495731370739CU03
2021-04-29 14:07:08 DEBUG headers:265 - << x-ms-correlation-id: 075a7db5-91ef-4e05-9eb1-273e3e93ee74
2021-04-29 14:07:08 DEBUG headers:265 - << x-ms-client-tracking-id: 08585819214492819495731370739CU03
2021-04-29 14:07:08 DEBUG headers:265 - << x-ms-trigger-history-name: 08585819214492819495731370739CU03
2021-04-29 14:07:08 DEBUG headers:265 - << x-ms-execution-location: eastus
2021-04-29 14:07:08 DEBUG headers:265 - << x-ms-workflow-system-id: /locations/eastus/scaleunits/prod-03/workflows/21a2c519adea46fa8226d9348badd1c9
2021-04-29 14:07:08 DEBUG headers:265 - << x-ms-workflow-id: 21a2c519adea46fa8226d9348badd1c9
2021-04-29 14:07:08 DEBUG headers:265 - << x-ms-workflow-version: 08585825003350923326
2021-04-29 14:07:08 DEBUG headers:265 - << x-ms-workflow-name: sbd-SBD.CORP.JOURNEY-CAA-Inbound-APIMReceive-useast-dev-la
2021-04-29 14:07:08 DEBUG headers:265 - << x-ms-tracking-id: 075a7db5-91ef-4e05-9eb1-273e3e93ee74
2021-04-29 14:07:08 DEBUG headers:265 - << x-ms-request-id: eastus:075a7db5-91ef-4e05-9eb1-273e3e93ee74
2021-04-29 14:07:08 DEBUG headers:265 - << Strict-Transport-Security: max-age=31536000; includeSubDomains
2021-04-29 14:07:08 DEBUG headers:265 - << Date: Thu, 29 Apr 2021 08:37:16 GMT
2021-04-29 14:07:08 DEBUG headers:265 - << Content-Length: 163
2021-04-29 14:07:08 DEBUG DefaultHttpClient:509 - Connection can be kept alive indefinitely
2021-04-29 14:07:08 DEBUG RequestSpecificationImpl$RestAssuredHttpBuilder:545 - Parsing response as: application/json; charset=utf-8
2021-04-29 14:07:08 DEBUG RequestSpecificationImpl$RestAssuredHttpBuilder:548 - Parsed data to instance of: class org.apache.http.conn.EofSensorInputStream
2021-04-29 14:07:08 DEBUG RestCalls:47 - io.restassured.internal.RequestSpecificationImpl@54eada6d
2021-04-29 14:07:08 INFO  TestUtils:17 - *** Get String Body****
2021-04-29 14:07:08 DEBUG wire:87 -  << "{"error":{"code":"NoResponse","message":"The server did not receive a response from an upstream server. Request tracking id '08585819214492819495731370739CU03'."}}"
2021-04-29 14:07:08 DEBUG BasicClientConnectionManager:200 - Releasing connection org.apache.http.impl.conn.ManagedClientConnectionImpl@1101d954
2021-04-29 14:07:08 DEBUG BasicClientConnectionManager:225 - Connection can be kept alive indefinitely
2021-04-29 14:07:08 INFO  TestUtils:33 - ********JsonPath Response for Post*****
2021-04-29 14:07:08 INFO  InboundTesting:275 - ***** End C11_BankFee Test Cases ************
2021-04-29 14:07:08 INFO  TestUtils:48 - **** Getting response Code*******
]]></system-out>
  </testcase>
  <testcase name="C11_BankFee" classname="Inbound_Testing.InboundTesting" time="0">
    <skipped message="expected [200] but found [502]"/>
    <system-out><![CDATA[2021-04-29 14:07:08 INFO  payLoadsConvertor:16 - Inside payloads fn:
2021-04-29 14:07:08 INFO  InboundTesting:268 - **** Test Cases : Post Method *****
2021-04-29 14:07:08 INFO  URL:51 - PetStore URL Endpoint: https://d-api.sbdinc.com/corpjourneycaa/v1/Inbound/post
2021-04-29 14:07:08 INFO  RestCalls:43 - Post Request Call-
2021-04-29 14:07:08 DEBUG BasicClientConnectionManager:161 - Get connection for route {s}->https://d-api.sbdinc.com:443
2021-04-29 14:07:08 DEBUG DefaultClientConnectionOperator:177 - Connecting to d-api.sbdinc.com:443
2021-04-29 14:07:09 DEBUG RequestAddCookies:123 - CookieSpec selected: ignoreCookies
2021-04-29 14:07:09 DEBUG RequestAuthCache:77 - Auth cache not set in the context
2021-04-29 14:07:09 DEBUG RequestTargetAuthentication:80 - Target auth state: UNCHALLENGED
2021-04-29 14:07:09 DEBUG RequestProxyAuthentication:89 - Proxy auth state: UNCHALLENGED
2021-04-29 14:07:09 DEBUG DefaultHttpClient:682 - Attempt 1 to execute request
2021-04-29 14:07:09 DEBUG DefaultClientConnection:274 - Sending request: POST /corpjourneycaa/v1/Inbound/post?Agora-Subscription-Key=48dfe6a704414f4c9f61b37a6b983fd7 HTTP/1.1
2021-04-29 14:07:09 DEBUG wire:73 -  >> "POST /corpjourneycaa/v1/Inbound/post?Agora-Subscription-Key=48dfe6a704414f4c9f61b37a6b983fd7 HTTP/1.1[\r][\n]"
2021-04-29 14:07:09 DEBUG wire:73 -  >> "Accept: */*[\r][\n]"
2021-04-29 14:07:09 DEBUG wire:73 -  >> "Content-Type: application/json; charset=UTF-8[\r][\n]"
2021-04-29 14:07:09 DEBUG wire:73 -  >> "Content-Length: 0[\r][\n]"
2021-04-29 14:07:09 DEBUG wire:73 -  >> "Host: d-api.sbdinc.com[\r][\n]"
2021-04-29 14:07:09 DEBUG wire:73 -  >> "Connection: Keep-Alive[\r][\n]"
2021-04-29 14:07:09 DEBUG wire:73 -  >> "User-Agent: Apache-HttpClient/4.5.3 (Java/1.8.0_191)[\r][\n]"
2021-04-29 14:07:09 DEBUG wire:73 -  >> "Accept-Encoding: gzip,deflate[\r][\n]"
2021-04-29 14:07:09 DEBUG wire:73 -  >> "[\r][\n]"
2021-04-29 14:07:09 DEBUG headers:278 - >> POST /corpjourneycaa/v1/Inbound/post?Agora-Subscription-Key=48dfe6a704414f4c9f61b37a6b983fd7 HTTP/1.1
2021-04-29 14:07:09 DEBUG headers:281 - >> Accept: */*
2021-04-29 14:07:09 DEBUG headers:281 - >> Content-Type: application/json; charset=UTF-8
2021-04-29 14:07:09 DEBUG headers:281 - >> Content-Length: 0
2021-04-29 14:07:09 DEBUG headers:281 - >> Host: d-api.sbdinc.com
2021-04-29 14:07:09 DEBUG headers:281 - >> Connection: Keep-Alive
2021-04-29 14:07:09 DEBUG headers:281 - >> User-Agent: Apache-HttpClient/4.5.3 (Java/1.8.0_191)
2021-04-29 14:07:09 DEBUG headers:281 - >> Accept-Encoding: gzip,deflate
2021-04-29 14:07:11 DEBUG wire:73 -  << "HTTP/1.1 502 Bad Gateway[\r][\n]"
2021-04-29 14:07:11 DEBUG wire:73 -  << "Cache-Control: no-cache[\r][\n]"
2021-04-29 14:07:11 DEBUG wire:73 -  << "Pragma: no-cache[\r][\n]"
2021-04-29 14:07:11 DEBUG wire:73 -  << "Content-Type: application/json; charset=utf-8[\r][\n]"
2021-04-29 14:07:11 DEBUG wire:73 -  << "Expires: -1[\r][\n]"
2021-04-29 14:07:11 DEBUG wire:73 -  << "x-ms-failure-cause: Trigger[\r][\n]"
2021-04-29 14:07:11 DEBUG wire:73 -  << "x-ms-workflow-run-id: 08585819214459311271889779928CU00[\r][\n]"
2021-04-29 14:07:11 DEBUG wire:73 -  << "x-ms-correlation-id: 215379bb-b78e-4fea-a525-f14a07f51efe[\r][\n]"
2021-04-29 14:07:11 DEBUG wire:73 -  << "x-ms-client-tracking-id: 08585819214459311271889779928CU00[\r][\n]"
2021-04-29 14:07:11 DEBUG wire:73 -  << "x-ms-trigger-history-name: 08585819214459311271889779928CU00[\r][\n]"
2021-04-29 14:07:11 DEBUG wire:73 -  << "x-ms-execution-location: eastus[\r][\n]"
2021-04-29 14:07:11 DEBUG wire:73 -  << "x-ms-workflow-system-id: /locations/eastus/scaleunits/prod-03/workflows/21a2c519adea46fa8226d9348badd1c9[\r][\n]"
2021-04-29 14:07:11 DEBUG wire:73 -  << "x-ms-workflow-id: 21a2c519adea46fa8226d9348badd1c9[\r][\n]"
2021-04-29 14:07:11 DEBUG wire:73 -  << "x-ms-workflow-version: 08585825003350923326[\r][\n]"
2021-04-29 14:07:11 DEBUG wire:73 -  << "x-ms-workflow-name: sbd-SBD.CORP.JOURNEY-CAA-Inbound-APIMReceive-useast-dev-la[\r][\n]"
2021-04-29 14:07:11 DEBUG wire:73 -  << "x-ms-tracking-id: 215379bb-b78e-4fea-a525-f14a07f51efe[\r][\n]"
2021-04-29 14:07:11 DEBUG wire:73 -  << "x-ms-request-id: eastus:215379bb-b78e-4fea-a525-f14a07f51efe[\r][\n]"
2021-04-29 14:07:11 DEBUG wire:73 -  << "Strict-Transport-Security: max-age=31536000; includeSubDomains[\r][\n]"
2021-04-29 14:07:11 DEBUG wire:73 -  << "Date: Thu, 29 Apr 2021 08:37:21 GMT[\r][\n]"
2021-04-29 14:07:11 DEBUG wire:73 -  << "Content-Length: 163[\r][\n]"
2021-04-29 14:07:11 DEBUG wire:73 -  << "[\r][\n]"
2021-04-29 14:07:11 DEBUG DefaultClientConnection:259 - Receiving response: HTTP/1.1 502 Bad Gateway
2021-04-29 14:07:11 DEBUG headers:262 - << HTTP/1.1 502 Bad Gateway
2021-04-29 14:07:11 DEBUG headers:265 - << Cache-Control: no-cache
2021-04-29 14:07:11 DEBUG headers:265 - << Pragma: no-cache
2021-04-29 14:07:11 DEBUG headers:265 - << Content-Type: application/json; charset=utf-8
2021-04-29 14:07:11 DEBUG headers:265 - << Expires: -1
2021-04-29 14:07:11 DEBUG headers:265 - << x-ms-failure-cause: Trigger
2021-04-29 14:07:11 DEBUG headers:265 - << x-ms-workflow-run-id: 08585819214459311271889779928CU00
2021-04-29 14:07:11 DEBUG headers:265 - << x-ms-correlation-id: 215379bb-b78e-4fea-a525-f14a07f51efe
2021-04-29 14:07:11 DEBUG headers:265 - << x-ms-client-tracking-id: 08585819214459311271889779928CU00
2021-04-29 14:07:11 DEBUG headers:265 - << x-ms-trigger-history-name: 08585819214459311271889779928CU00
2021-04-29 14:07:11 DEBUG headers:265 - << x-ms-execution-location: eastus
2021-04-29 14:07:11 DEBUG headers:265 - << x-ms-workflow-system-id: /locations/eastus/scaleunits/prod-03/workflows/21a2c519adea46fa8226d9348badd1c9
2021-04-29 14:07:11 DEBUG headers:265 - << x-ms-workflow-id: 21a2c519adea46fa8226d9348badd1c9
2021-04-29 14:07:11 DEBUG headers:265 - << x-ms-workflow-version: 08585825003350923326
2021-04-29 14:07:11 DEBUG headers:265 - << x-ms-workflow-name: sbd-SBD.CORP.JOURNEY-CAA-Inbound-APIMReceive-useast-dev-la
2021-04-29 14:07:11 DEBUG headers:265 - << x-ms-tracking-id: 215379bb-b78e-4fea-a525-f14a07f51efe
2021-04-29 14:07:11 DEBUG headers:265 - << x-ms-request-id: eastus:215379bb-b78e-4fea-a525-f14a07f51efe
2021-04-29 14:07:11 DEBUG headers:265 - << Strict-Transport-Security: max-age=31536000; includeSubDomains
2021-04-29 14:07:11 DEBUG headers:265 - << Date: Thu, 29 Apr 2021 08:37:21 GMT
2021-04-29 14:07:11 DEBUG headers:265 - << Content-Length: 163
2021-04-29 14:07:11 DEBUG DefaultHttpClient:509 - Connection can be kept alive indefinitely
2021-04-29 14:07:11 DEBUG RequestSpecificationImpl$RestAssuredHttpBuilder:545 - Parsing response as: application/json; charset=utf-8
2021-04-29 14:07:11 DEBUG RequestSpecificationImpl$RestAssuredHttpBuilder:548 - Parsed data to instance of: class org.apache.http.conn.EofSensorInputStream
2021-04-29 14:07:11 DEBUG RestCalls:47 - io.restassured.internal.RequestSpecificationImpl@5ac415b7
2021-04-29 14:07:11 INFO  TestUtils:17 - *** Get String Body****
2021-04-29 14:07:11 DEBUG wire:87 -  << "{"error":{"code":"NoResponse","message":"The server did not receive a response from an upstream server. Request tracking id '08585819214459311271889779928CU00'."}}"
2021-04-29 14:07:11 DEBUG BasicClientConnectionManager:200 - Releasing connection org.apache.http.impl.conn.ManagedClientConnectionImpl@3e3a67e8
2021-04-29 14:07:11 DEBUG BasicClientConnectionManager:225 - Connection can be kept alive indefinitely
2021-04-29 14:07:11 INFO  TestUtils:33 - ********JsonPath Response for Post*****
2021-04-29 14:07:11 INFO  InboundTesting:275 - ***** End C11_BankFee Test Cases ************
2021-04-29 14:07:11 INFO  TestUtils:48 - **** Getting response Code*******
]]></system-out>
  </testcase>
  <testcase name="C11_BankFee" classname="Inbound_Testing.InboundTesting" time="0">
    <skipped message="expected [200] but found [502]"/>
    <system-out><![CDATA[2021-04-29 14:07:11 INFO  payLoadsConvertor:16 - Inside payloads fn:
2021-04-29 14:07:11 INFO  InboundTesting:268 - **** Test Cases : Post Method *****
2021-04-29 14:07:11 INFO  URL:51 - PetStore URL Endpoint: https://d-api.sbdinc.com/corpjourneycaa/v1/Inbound/post
2021-04-29 14:07:11 INFO  RestCalls:43 - Post Request Call-
2021-04-29 14:07:11 DEBUG BasicClientConnectionManager:161 - Get connection for route {s}->https://d-api.sbdinc.com:443
2021-04-29 14:07:11 DEBUG DefaultClientConnectionOperator:177 - Connecting to d-api.sbdinc.com:443
2021-04-29 14:07:12 DEBUG RequestAddCookies:123 - CookieSpec selected: ignoreCookies
2021-04-29 14:07:12 DEBUG RequestAuthCache:77 - Auth cache not set in the context
2021-04-29 14:07:12 DEBUG RequestTargetAuthentication:80 - Target auth state: UNCHALLENGED
2021-04-29 14:07:12 DEBUG RequestProxyAuthentication:89 - Proxy auth state: UNCHALLENGED
2021-04-29 14:07:12 DEBUG DefaultHttpClient:682 - Attempt 1 to execute request
2021-04-29 14:07:12 DEBUG DefaultClientConnection:274 - Sending request: POST /corpjourneycaa/v1/Inbound/post?Agora-Subscription-Key=48dfe6a704414f4c9f61b37a6b983fd7 HTTP/1.1
2021-04-29 14:07:12 DEBUG wire:73 -  >> "POST /corpjourneycaa/v1/Inbound/post?Agora-Subscription-Key=48dfe6a704414f4c9f61b37a6b983fd7 HTTP/1.1[\r][\n]"
2021-04-29 14:07:12 DEBUG wire:73 -  >> "Accept: */*[\r][\n]"
2021-04-29 14:07:12 DEBUG wire:73 -  >> "Content-Type: application/json; charset=UTF-8[\r][\n]"
2021-04-29 14:07:12 DEBUG wire:73 -  >> "Content-Length: 0[\r][\n]"
2021-04-29 14:07:12 DEBUG wire:73 -  >> "Host: d-api.sbdinc.com[\r][\n]"
2021-04-29 14:07:12 DEBUG wire:73 -  >> "Connection: Keep-Alive[\r][\n]"
2021-04-29 14:07:12 DEBUG wire:73 -  >> "User-Agent: Apache-HttpClient/4.5.3 (Java/1.8.0_191)[\r][\n]"
2021-04-29 14:07:12 DEBUG wire:73 -  >> "Accept-Encoding: gzip,deflate[\r][\n]"
2021-04-29 14:07:12 DEBUG wire:73 -  >> "[\r][\n]"
2021-04-29 14:07:12 DEBUG headers:278 - >> POST /corpjourneycaa/v1/Inbound/post?Agora-Subscription-Key=48dfe6a704414f4c9f61b37a6b983fd7 HTTP/1.1
2021-04-29 14:07:12 DEBUG headers:281 - >> Accept: */*
2021-04-29 14:07:12 DEBUG headers:281 - >> Content-Type: application/json; charset=UTF-8
2021-04-29 14:07:12 DEBUG headers:281 - >> Content-Length: 0
2021-04-29 14:07:12 DEBUG headers:281 - >> Host: d-api.sbdinc.com
2021-04-29 14:07:12 DEBUG headers:281 - >> Connection: Keep-Alive
2021-04-29 14:07:12 DEBUG headers:281 - >> User-Agent: Apache-HttpClient/4.5.3 (Java/1.8.0_191)
2021-04-29 14:07:12 DEBUG headers:281 - >> Accept-Encoding: gzip,deflate
2021-04-29 14:07:13 DEBUG wire:73 -  << "HTTP/1.1 502 Bad Gateway[\r][\n]"
2021-04-29 14:07:13 DEBUG wire:73 -  << "Cache-Control: no-cache[\r][\n]"
2021-04-29 14:07:13 DEBUG wire:73 -  << "Pragma: no-cache[\r][\n]"
2021-04-29 14:07:13 DEBUG wire:73 -  << "Content-Type: application/json; charset=utf-8[\r][\n]"
2021-04-29 14:07:13 DEBUG wire:73 -  << "Expires: -1[\r][\n]"
2021-04-29 14:07:13 DEBUG wire:73 -  << "x-ms-failure-cause: Trigger[\r][\n]"
2021-04-29 14:07:13 DEBUG wire:73 -  << "x-ms-workflow-run-id: 08585819214430517612602323734CU00[\r][\n]"
2021-04-29 14:07:13 DEBUG wire:73 -  << "x-ms-correlation-id: 879f50d6-91f1-4008-ac49-c4927036fce5[\r][\n]"
2021-04-29 14:07:13 DEBUG wire:73 -  << "x-ms-client-tracking-id: 08585819214430517612602323734CU00[\r][\n]"
2021-04-29 14:07:13 DEBUG wire:73 -  << "x-ms-trigger-history-name: 08585819214430517612602323734CU00[\r][\n]"
2021-04-29 14:07:13 DEBUG wire:73 -  << "x-ms-execution-location: eastus[\r][\n]"
2021-04-29 14:07:13 DEBUG wire:73 -  << "x-ms-workflow-system-id: /locations/eastus/scaleunits/prod-03/workflows/21a2c519adea46fa8226d9348badd1c9[\r][\n]"
2021-04-29 14:07:13 DEBUG wire:73 -  << "x-ms-workflow-id: 21a2c519adea46fa8226d9348badd1c9[\r][\n]"
2021-04-29 14:07:13 DEBUG wire:73 -  << "x-ms-workflow-version: 08585825003350923326[\r][\n]"
2021-04-29 14:07:13 DEBUG wire:73 -  << "x-ms-workflow-name: sbd-SBD.CORP.JOURNEY-CAA-Inbound-APIMReceive-useast-dev-la[\r][\n]"
2021-04-29 14:07:13 DEBUG wire:73 -  << "x-ms-tracking-id: 879f50d6-91f1-4008-ac49-c4927036fce5[\r][\n]"
2021-04-29 14:07:13 DEBUG wire:73 -  << "x-ms-request-id: eastus:879f50d6-91f1-4008-ac49-c4927036fce5[\r][\n]"
2021-04-29 14:07:13 DEBUG wire:73 -  << "Strict-Transport-Security: max-age=31536000; includeSubDomains[\r][\n]"
2021-04-29 14:07:13 DEBUG wire:73 -  << "Date: Thu, 29 Apr 2021 08:37:23 GMT[\r][\n]"
2021-04-29 14:07:13 DEBUG wire:73 -  << "Content-Length: 163[\r][\n]"
2021-04-29 14:07:13 DEBUG wire:73 -  << "[\r][\n]"
2021-04-29 14:07:13 DEBUG DefaultClientConnection:259 - Receiving response: HTTP/1.1 502 Bad Gateway
2021-04-29 14:07:13 DEBUG headers:262 - << HTTP/1.1 502 Bad Gateway
2021-04-29 14:07:13 DEBUG headers:265 - << Cache-Control: no-cache
2021-04-29 14:07:13 DEBUG headers:265 - << Pragma: no-cache
2021-04-29 14:07:13 DEBUG headers:265 - << Content-Type: application/json; charset=utf-8
2021-04-29 14:07:13 DEBUG headers:265 - << Expires: -1
2021-04-29 14:07:13 DEBUG headers:265 - << x-ms-failure-cause: Trigger
2021-04-29 14:07:13 DEBUG headers:265 - << x-ms-workflow-run-id: 08585819214430517612602323734CU00
2021-04-29 14:07:13 DEBUG headers:265 - << x-ms-correlation-id: 879f50d6-91f1-4008-ac49-c4927036fce5
2021-04-29 14:07:13 DEBUG headers:265 - << x-ms-client-tracking-id: 08585819214430517612602323734CU00
2021-04-29 14:07:13 DEBUG headers:265 - << x-ms-trigger-history-name: 08585819214430517612602323734CU00
2021-04-29 14:07:13 DEBUG headers:265 - << x-ms-execution-location: eastus
2021-04-29 14:07:13 DEBUG headers:265 - << x-ms-workflow-system-id: /locations/eastus/scaleunits/prod-03/workflows/21a2c519adea46fa8226d9348badd1c9
2021-04-29 14:07:13 DEBUG headers:265 - << x-ms-workflow-id: 21a2c519adea46fa8226d9348badd1c9
2021-04-29 14:07:13 DEBUG headers:265 - << x-ms-workflow-version: 08585825003350923326
2021-04-29 14:07:13 DEBUG headers:265 - << x-ms-workflow-name: sbd-SBD.CORP.JOURNEY-CAA-Inbound-APIMReceive-useast-dev-la
2021-04-29 14:07:13 DEBUG headers:265 - << x-ms-tracking-id: 879f50d6-91f1-4008-ac49-c4927036fce5
2021-04-29 14:07:13 DEBUG headers:265 - << x-ms-request-id: eastus:879f50d6-91f1-4008-ac49-c4927036fce5
2021-04-29 14:07:13 DEBUG headers:265 - << Strict-Transport-Security: max-age=31536000; includeSubDomains
2021-04-29 14:07:13 DEBUG headers:265 - << Date: Thu, 29 Apr 2021 08:37:23 GMT
2021-04-29 14:07:13 DEBUG headers:265 - << Content-Length: 163
2021-04-29 14:07:13 DEBUG DefaultHttpClient:509 - Connection can be kept alive indefinitely
2021-04-29 14:07:13 DEBUG RequestSpecificationImpl$RestAssuredHttpBuilder:545 - Parsing response as: application/json; charset=utf-8
2021-04-29 14:07:13 DEBUG RequestSpecificationImpl$RestAssuredHttpBuilder:548 - Parsed data to instance of: class org.apache.http.conn.EofSensorInputStream
2021-04-29 14:07:13 DEBUG RestCalls:47 - io.restassured.internal.RequestSpecificationImpl@23702d54
2021-04-29 14:07:13 INFO  TestUtils:17 - *** Get String Body****
2021-04-29 14:07:13 DEBUG wire:87 -  << "{"error":{"code":"NoResponse","message":"The server did not receive a response from an upstream server. Request tracking id '08585819214430517612602323734CU00'."}}"
2021-04-29 14:07:13 DEBUG BasicClientConnectionManager:200 - Releasing connection org.apache.http.impl.conn.ManagedClientConnectionImpl@6e81acae
2021-04-29 14:07:13 DEBUG BasicClientConnectionManager:225 - Connection can be kept alive indefinitely
2021-04-29 14:07:13 INFO  TestUtils:33 - ********JsonPath Response for Post*****
2021-04-29 14:07:13 INFO  InboundTesting:275 - ***** End C11_BankFee Test Cases ************
2021-04-29 14:07:13 INFO  TestUtils:48 - **** Getting response Code*******
]]></system-out>
  </testcase>
  <testcase name="C11_BankFee" classname="Inbound_Testing.InboundTesting" time="3.144">
    <failure message="expected [200] but found [502]" type="java.lang.AssertionError">java.lang.AssertionError: expected [200] but found [502]
	at Inbound_Testing.InboundTesting.C11_BankFee(InboundTesting.java:276)
</failure>
    <system-out><![CDATA[2021-04-29 14:07:13 INFO  payLoadsConvertor:16 - Inside payloads fn:
2021-04-29 14:07:13 INFO  InboundTesting:268 - **** Test Cases : Post Method *****
2021-04-29 14:07:13 INFO  URL:51 - PetStore URL Endpoint: https://d-api.sbdinc.com/corpjourneycaa/v1/Inbound/post
2021-04-29 14:07:13 INFO  RestCalls:43 - Post Request Call-
2021-04-29 14:07:13 DEBUG BasicClientConnectionManager:161 - Get connection for route {s}->https://d-api.sbdinc.com:443
2021-04-29 14:07:13 DEBUG DefaultClientConnectionOperator:177 - Connecting to d-api.sbdinc.com:443
2021-04-29 14:07:14 DEBUG RequestAddCookies:123 - CookieSpec selected: ignoreCookies
2021-04-29 14:07:14 DEBUG RequestAuthCache:77 - Auth cache not set in the context
2021-04-29 14:07:14 DEBUG RequestTargetAuthentication:80 - Target auth state: UNCHALLENGED
2021-04-29 14:07:14 DEBUG RequestProxyAuthentication:89 - Proxy auth state: UNCHALLENGED
2021-04-29 14:07:14 DEBUG DefaultHttpClient:682 - Attempt 1 to execute request
2021-04-29 14:07:14 DEBUG DefaultClientConnection:274 - Sending request: POST /corpjourneycaa/v1/Inbound/post?Agora-Subscription-Key=48dfe6a704414f4c9f61b37a6b983fd7 HTTP/1.1
2021-04-29 14:07:14 DEBUG wire:73 -  >> "POST /corpjourneycaa/v1/Inbound/post?Agora-Subscription-Key=48dfe6a704414f4c9f61b37a6b983fd7 HTTP/1.1[\r][\n]"
2021-04-29 14:07:14 DEBUG wire:73 -  >> "Accept: */*[\r][\n]"
2021-04-29 14:07:14 DEBUG wire:73 -  >> "Content-Type: application/json; charset=UTF-8[\r][\n]"
2021-04-29 14:07:14 DEBUG wire:73 -  >> "Content-Length: 0[\r][\n]"
2021-04-29 14:07:14 DEBUG wire:73 -  >> "Host: d-api.sbdinc.com[\r][\n]"
2021-04-29 14:07:14 DEBUG wire:73 -  >> "Connection: Keep-Alive[\r][\n]"
2021-04-29 14:07:14 DEBUG wire:73 -  >> "User-Agent: Apache-HttpClient/4.5.3 (Java/1.8.0_191)[\r][\n]"
2021-04-29 14:07:14 DEBUG wire:73 -  >> "Accept-Encoding: gzip,deflate[\r][\n]"
2021-04-29 14:07:14 DEBUG wire:73 -  >> "[\r][\n]"
2021-04-29 14:07:14 DEBUG headers:278 - >> POST /corpjourneycaa/v1/Inbound/post?Agora-Subscription-Key=48dfe6a704414f4c9f61b37a6b983fd7 HTTP/1.1
2021-04-29 14:07:14 DEBUG headers:281 - >> Accept: */*
2021-04-29 14:07:14 DEBUG headers:281 - >> Content-Type: application/json; charset=UTF-8
2021-04-29 14:07:14 DEBUG headers:281 - >> Content-Length: 0
2021-04-29 14:07:14 DEBUG headers:281 - >> Host: d-api.sbdinc.com
2021-04-29 14:07:14 DEBUG headers:281 - >> Connection: Keep-Alive
2021-04-29 14:07:14 DEBUG headers:281 - >> User-Agent: Apache-HttpClient/4.5.3 (Java/1.8.0_191)
2021-04-29 14:07:14 DEBUG headers:281 - >> Accept-Encoding: gzip,deflate
2021-04-29 14:07:16 DEBUG wire:73 -  << "HTTP/1.1 502 Bad Gateway[\r][\n]"
2021-04-29 14:07:16 DEBUG wire:73 -  << "Cache-Control: no-cache[\r][\n]"
2021-04-29 14:07:16 DEBUG wire:73 -  << "Pragma: no-cache[\r][\n]"
2021-04-29 14:07:16 DEBUG wire:73 -  << "Content-Type: application/json; charset=utf-8[\r][\n]"
2021-04-29 14:07:16 DEBUG wire:73 -  << "Expires: -1[\r][\n]"
2021-04-29 14:07:16 DEBUG wire:73 -  << "x-ms-failure-cause: Trigger[\r][\n]"
2021-04-29 14:07:16 DEBUG wire:73 -  << "x-ms-workflow-run-id: 08585819214404697165720048374CU01[\r][\n]"
2021-04-29 14:07:16 DEBUG wire:73 -  << "x-ms-correlation-id: cfb9a4cf-9bf7-467f-8778-37e49fd6eeb1[\r][\n]"
2021-04-29 14:07:16 DEBUG wire:73 -  << "x-ms-client-tracking-id: 08585819214404697165720048374CU01[\r][\n]"
2021-04-29 14:07:16 DEBUG wire:73 -  << "x-ms-trigger-history-name: 08585819214404697165720048374CU01[\r][\n]"
2021-04-29 14:07:16 DEBUG wire:73 -  << "x-ms-execution-location: eastus[\r][\n]"
2021-04-29 14:07:16 DEBUG wire:73 -  << "x-ms-workflow-system-id: /locations/eastus/scaleunits/prod-03/workflows/21a2c519adea46fa8226d9348badd1c9[\r][\n]"
2021-04-29 14:07:16 DEBUG wire:73 -  << "x-ms-workflow-id: 21a2c519adea46fa8226d9348badd1c9[\r][\n]"
2021-04-29 14:07:16 DEBUG wire:73 -  << "x-ms-workflow-version: 08585825003350923326[\r][\n]"
2021-04-29 14:07:16 DEBUG wire:73 -  << "x-ms-workflow-name: sbd-SBD.CORP.JOURNEY-CAA-Inbound-APIMReceive-useast-dev-la[\r][\n]"
2021-04-29 14:07:16 DEBUG wire:73 -  << "x-ms-tracking-id: cfb9a4cf-9bf7-467f-8778-37e49fd6eeb1[\r][\n]"
2021-04-29 14:07:16 DEBUG wire:73 -  << "x-ms-request-id: eastus:cfb9a4cf-9bf7-467f-8778-37e49fd6eeb1[\r][\n]"
2021-04-29 14:07:16 DEBUG wire:73 -  << "Strict-Transport-Security: max-age=31536000; includeSubDomains[\r][\n]"
2021-04-29 14:07:16 DEBUG wire:73 -  << "Date: Thu, 29 Apr 2021 08:37:26 GMT[\r][\n]"
2021-04-29 14:07:16 DEBUG wire:73 -  << "Content-Length: 163[\r][\n]"
2021-04-29 14:07:16 DEBUG wire:73 -  << "[\r][\n]"
2021-04-29 14:07:16 DEBUG DefaultClientConnection:259 - Receiving response: HTTP/1.1 502 Bad Gateway
2021-04-29 14:07:16 DEBUG headers:262 - << HTTP/1.1 502 Bad Gateway
2021-04-29 14:07:16 DEBUG headers:265 - << Cache-Control: no-cache
2021-04-29 14:07:16 DEBUG headers:265 - << Pragma: no-cache
2021-04-29 14:07:16 DEBUG headers:265 - << Content-Type: application/json; charset=utf-8
2021-04-29 14:07:16 DEBUG headers:265 - << Expires: -1
2021-04-29 14:07:16 DEBUG headers:265 - << x-ms-failure-cause: Trigger
2021-04-29 14:07:16 DEBUG headers:265 - << x-ms-workflow-run-id: 08585819214404697165720048374CU01
2021-04-29 14:07:16 DEBUG headers:265 - << x-ms-correlation-id: cfb9a4cf-9bf7-467f-8778-37e49fd6eeb1
2021-04-29 14:07:16 DEBUG headers:265 - << x-ms-client-tracking-id: 08585819214404697165720048374CU01
2021-04-29 14:07:16 DEBUG headers:265 - << x-ms-trigger-history-name: 08585819214404697165720048374CU01
2021-04-29 14:07:16 DEBUG headers:265 - << x-ms-execution-location: eastus
2021-04-29 14:07:16 DEBUG headers:265 - << x-ms-workflow-system-id: /locations/eastus/scaleunits/prod-03/workflows/21a2c519adea46fa8226d9348badd1c9
2021-04-29 14:07:16 DEBUG headers:265 - << x-ms-workflow-id: 21a2c519adea46fa8226d9348badd1c9
2021-04-29 14:07:16 DEBUG headers:265 - << x-ms-workflow-version: 08585825003350923326
2021-04-29 14:07:16 DEBUG headers:265 - << x-ms-workflow-name: sbd-SBD.CORP.JOURNEY-CAA-Inbound-APIMReceive-useast-dev-la
2021-04-29 14:07:16 DEBUG headers:265 - << x-ms-tracking-id: cfb9a4cf-9bf7-467f-8778-37e49fd6eeb1
2021-04-29 14:07:16 DEBUG headers:265 - << x-ms-request-id: eastus:cfb9a4cf-9bf7-467f-8778-37e49fd6eeb1
2021-04-29 14:07:16 DEBUG headers:265 - << Strict-Transport-Security: max-age=31536000; includeSubDomains
2021-04-29 14:07:16 DEBUG headers:265 - << Date: Thu, 29 Apr 2021 08:37:26 GMT
2021-04-29 14:07:16 DEBUG headers:265 - << Content-Length: 163
2021-04-29 14:07:16 DEBUG DefaultHttpClient:509 - Connection can be kept alive indefinitely
2021-04-29 14:07:16 DEBUG RequestSpecificationImpl$RestAssuredHttpBuilder:545 - Parsing response as: application/json; charset=utf-8
2021-04-29 14:07:16 DEBUG RequestSpecificationImpl$RestAssuredHttpBuilder:548 - Parsed data to instance of: class org.apache.http.conn.EofSensorInputStream
2021-04-29 14:07:17 DEBUG RestCalls:47 - io.restassured.internal.RequestSpecificationImpl@6f5cb194
2021-04-29 14:07:17 INFO  TestUtils:17 - *** Get String Body****
2021-04-29 14:07:17 DEBUG wire:87 -  << "{"error":{"code":"NoResponse","message":"The server did not receive a response from an upstream server. Request tracking id '08585819214404697165720048374CU01'."}}"
2021-04-29 14:07:17 DEBUG BasicClientConnectionManager:200 - Releasing connection org.apache.http.impl.conn.ManagedClientConnectionImpl@70978193
2021-04-29 14:07:17 DEBUG BasicClientConnectionManager:225 - Connection can be kept alive indefinitely
2021-04-29 14:07:17 INFO  TestUtils:33 - ********JsonPath Response for Post*****
2021-04-29 14:07:17 INFO  InboundTesting:275 - ***** End C11_BankFee Test Cases ************
2021-04-29 14:07:17 INFO  TestUtils:48 - **** Getting response Code*******
]]></system-out>
  </testcase>
  <testcase name="C11_Deduction" classname="Inbound_Testing.InboundTesting" time="0">
    <skipped message="expected [200] but found [502]"/>
    <system-out><![CDATA[2021-04-29 14:07:17 INFO  payLoadsConvertor:16 - Inside payloads fn:
2021-04-29 14:07:17 INFO  InboundTesting:286 - **** Test Cases : Post Method *****
2021-04-29 14:07:17 INFO  URL:51 - PetStore URL Endpoint: https://d-api.sbdinc.com/corpjourneycaa/v1/Inbound/post
2021-04-29 14:07:17 INFO  RestCalls:43 - Post Request Call-
2021-04-29 14:07:17 DEBUG BasicClientConnectionManager:161 - Get connection for route {s}->https://d-api.sbdinc.com:443
2021-04-29 14:07:17 DEBUG DefaultClientConnectionOperator:177 - Connecting to d-api.sbdinc.com:443
2021-04-29 14:07:17 DEBUG RequestAddCookies:123 - CookieSpec selected: ignoreCookies
2021-04-29 14:07:17 DEBUG RequestAuthCache:77 - Auth cache not set in the context
2021-04-29 14:07:17 DEBUG RequestTargetAuthentication:80 - Target auth state: UNCHALLENGED
2021-04-29 14:07:17 DEBUG RequestProxyAuthentication:89 - Proxy auth state: UNCHALLENGED
2021-04-29 14:07:17 DEBUG DefaultHttpClient:682 - Attempt 1 to execute request
2021-04-29 14:07:17 DEBUG DefaultClientConnection:274 - Sending request: POST /corpjourneycaa/v1/Inbound/post?Agora-Subscription-Key=48dfe6a704414f4c9f61b37a6b983fd7 HTTP/1.1
2021-04-29 14:07:17 DEBUG wire:73 -  >> "POST /corpjourneycaa/v1/Inbound/post?Agora-Subscription-Key=48dfe6a704414f4c9f61b37a6b983fd7 HTTP/1.1[\r][\n]"
2021-04-29 14:07:17 DEBUG wire:73 -  >> "Accept: */*[\r][\n]"
2021-04-29 14:07:17 DEBUG wire:73 -  >> "Content-Type: application/json; charset=UTF-8[\r][\n]"
2021-04-29 14:07:17 DEBUG wire:73 -  >> "Content-Length: 0[\r][\n]"
2021-04-29 14:07:17 DEBUG wire:73 -  >> "Host: d-api.sbdinc.com[\r][\n]"
2021-04-29 14:07:17 DEBUG wire:73 -  >> "Connection: Keep-Alive[\r][\n]"
2021-04-29 14:07:17 DEBUG wire:73 -  >> "User-Agent: Apache-HttpClient/4.5.3 (Java/1.8.0_191)[\r][\n]"
2021-04-29 14:07:17 DEBUG wire:73 -  >> "Accept-Encoding: gzip,deflate[\r][\n]"
2021-04-29 14:07:17 DEBUG wire:73 -  >> "[\r][\n]"
2021-04-29 14:07:17 DEBUG headers:278 - >> POST /corpjourneycaa/v1/Inbound/post?Agora-Subscription-Key=48dfe6a704414f4c9f61b37a6b983fd7 HTTP/1.1
2021-04-29 14:07:17 DEBUG headers:281 - >> Accept: */*
2021-04-29 14:07:17 DEBUG headers:281 - >> Content-Type: application/json; charset=UTF-8
2021-04-29 14:07:17 DEBUG headers:281 - >> Content-Length: 0
2021-04-29 14:07:17 DEBUG headers:281 - >> Host: d-api.sbdinc.com
2021-04-29 14:07:17 DEBUG headers:281 - >> Connection: Keep-Alive
2021-04-29 14:07:17 DEBUG headers:281 - >> User-Agent: Apache-HttpClient/4.5.3 (Java/1.8.0_191)
2021-04-29 14:07:17 DEBUG headers:281 - >> Accept-Encoding: gzip,deflate
2021-04-29 14:07:20 DEBUG wire:73 -  << "HTTP/1.1 502 Bad Gateway[\r][\n]"
2021-04-29 14:07:20 DEBUG wire:73 -  << "Cache-Control: no-cache[\r][\n]"
2021-04-29 14:07:20 DEBUG wire:73 -  << "Pragma: no-cache[\r][\n]"
2021-04-29 14:07:20 DEBUG wire:73 -  << "Content-Type: application/json; charset=utf-8[\r][\n]"
2021-04-29 14:07:20 DEBUG wire:73 -  << "Expires: -1[\r][\n]"
2021-04-29 14:07:20 DEBUG wire:73 -  << "x-ms-failure-cause: Trigger[\r][\n]"
2021-04-29 14:07:20 DEBUG wire:73 -  << "x-ms-workflow-run-id: 08585819214375663081369365230CU02[\r][\n]"
2021-04-29 14:07:20 DEBUG wire:73 -  << "x-ms-correlation-id: aa0bc89b-8440-4046-9345-799cfd4aba7b[\r][\n]"
2021-04-29 14:07:20 DEBUG wire:73 -  << "x-ms-client-tracking-id: 08585819214375663081369365230CU02[\r][\n]"
2021-04-29 14:07:20 DEBUG wire:73 -  << "x-ms-trigger-history-name: 08585819214375663081369365230CU02[\r][\n]"
2021-04-29 14:07:20 DEBUG wire:73 -  << "x-ms-execution-location: eastus[\r][\n]"
2021-04-29 14:07:20 DEBUG wire:73 -  << "x-ms-workflow-system-id: /locations/eastus/scaleunits/prod-03/workflows/21a2c519adea46fa8226d9348badd1c9[\r][\n]"
2021-04-29 14:07:20 DEBUG wire:73 -  << "x-ms-workflow-id: 21a2c519adea46fa8226d9348badd1c9[\r][\n]"
2021-04-29 14:07:20 DEBUG wire:73 -  << "x-ms-workflow-version: 08585825003350923326[\r][\n]"
2021-04-29 14:07:20 DEBUG wire:73 -  << "x-ms-workflow-name: sbd-SBD.CORP.JOURNEY-CAA-Inbound-APIMReceive-useast-dev-la[\r][\n]"
2021-04-29 14:07:20 DEBUG wire:73 -  << "x-ms-tracking-id: aa0bc89b-8440-4046-9345-799cfd4aba7b[\r][\n]"
2021-04-29 14:07:20 DEBUG wire:73 -  << "x-ms-request-id: eastus:aa0bc89b-8440-4046-9345-799cfd4aba7b[\r][\n]"
2021-04-29 14:07:20 DEBUG wire:73 -  << "Strict-Transport-Security: max-age=31536000; includeSubDomains[\r][\n]"
2021-04-29 14:07:20 DEBUG wire:73 -  << "Date: Thu, 29 Apr 2021 08:37:30 GMT[\r][\n]"
2021-04-29 14:07:20 DEBUG wire:73 -  << "Content-Length: 163[\r][\n]"
2021-04-29 14:07:20 DEBUG wire:73 -  << "[\r][\n]"
2021-04-29 14:07:20 DEBUG DefaultClientConnection:259 - Receiving response: HTTP/1.1 502 Bad Gateway
2021-04-29 14:07:20 DEBUG headers:262 - << HTTP/1.1 502 Bad Gateway
2021-04-29 14:07:20 DEBUG headers:265 - << Cache-Control: no-cache
2021-04-29 14:07:20 DEBUG headers:265 - << Pragma: no-cache
2021-04-29 14:07:20 DEBUG headers:265 - << Content-Type: application/json; charset=utf-8
2021-04-29 14:07:20 DEBUG headers:265 - << Expires: -1
2021-04-29 14:07:20 DEBUG headers:265 - << x-ms-failure-cause: Trigger
2021-04-29 14:07:20 DEBUG headers:265 - << x-ms-workflow-run-id: 08585819214375663081369365230CU02
2021-04-29 14:07:20 DEBUG headers:265 - << x-ms-correlation-id: aa0bc89b-8440-4046-9345-799cfd4aba7b
2021-04-29 14:07:20 DEBUG headers:265 - << x-ms-client-tracking-id: 08585819214375663081369365230CU02
2021-04-29 14:07:20 DEBUG headers:265 - << x-ms-trigger-history-name: 08585819214375663081369365230CU02
2021-04-29 14:07:20 DEBUG headers:265 - << x-ms-execution-location: eastus
2021-04-29 14:07:20 DEBUG headers:265 - << x-ms-workflow-system-id: /locations/eastus/scaleunits/prod-03/workflows/21a2c519adea46fa8226d9348badd1c9
2021-04-29 14:07:20 DEBUG headers:265 - << x-ms-workflow-id: 21a2c519adea46fa8226d9348badd1c9
2021-04-29 14:07:20 DEBUG headers:265 - << x-ms-workflow-version: 08585825003350923326
2021-04-29 14:07:20 DEBUG headers:265 - << x-ms-workflow-name: sbd-SBD.CORP.JOURNEY-CAA-Inbound-APIMReceive-useast-dev-la
2021-04-29 14:07:20 DEBUG headers:265 - << x-ms-tracking-id: aa0bc89b-8440-4046-9345-799cfd4aba7b
2021-04-29 14:07:20 DEBUG headers:265 - << x-ms-request-id: eastus:aa0bc89b-8440-4046-9345-799cfd4aba7b
2021-04-29 14:07:20 DEBUG headers:265 - << Strict-Transport-Security: max-age=31536000; includeSubDomains
2021-04-29 14:07:20 DEBUG headers:265 - << Date: Thu, 29 Apr 2021 08:37:30 GMT
2021-04-29 14:07:20 DEBUG headers:265 - << Content-Length: 163
2021-04-29 14:07:20 DEBUG DefaultHttpClient:509 - Connection can be kept alive indefinitely
2021-04-29 14:07:20 DEBUG RequestSpecificationImpl$RestAssuredHttpBuilder:545 - Parsing response as: application/json; charset=utf-8
2021-04-29 14:07:20 DEBUG RequestSpecificationImpl$RestAssuredHttpBuilder:548 - Parsed data to instance of: class org.apache.http.conn.EofSensorInputStream
2021-04-29 14:07:20 DEBUG RestCalls:47 - io.restassured.internal.RequestSpecificationImpl@4981c736
2021-04-29 14:07:20 INFO  TestUtils:17 - *** Get String Body****
2021-04-29 14:07:20 DEBUG wire:87 -  << "{"error":{"code":"NoResponse","message":"The server did not receive a response from an upstream server. Request tracking id '08585819214375663081369365230CU02'."}}"
2021-04-29 14:07:20 DEBUG BasicClientConnectionManager:200 - Releasing connection org.apache.http.impl.conn.ManagedClientConnectionImpl@25f209b1
2021-04-29 14:07:20 DEBUG BasicClientConnectionManager:225 - Connection can be kept alive indefinitely
2021-04-29 14:07:20 INFO  TestUtils:33 - ********JsonPath Response for Post*****
2021-04-29 14:07:20 INFO  InboundTesting:293 - ***** End C11_Deduction Test Cases ************
2021-04-29 14:07:20 INFO  TestUtils:48 - **** Getting response Code*******
]]></system-out>
  </testcase>
  <testcase name="C11_Deduction" classname="Inbound_Testing.InboundTesting" time="0">
    <skipped message="expected [200] but found [502]"/>
    <system-out><![CDATA[2021-04-29 14:07:20 INFO  payLoadsConvertor:16 - Inside payloads fn:
2021-04-29 14:07:20 INFO  InboundTesting:286 - **** Test Cases : Post Method *****
2021-04-29 14:07:20 INFO  URL:51 - PetStore URL Endpoint: https://d-api.sbdinc.com/corpjourneycaa/v1/Inbound/post
2021-04-29 14:07:20 INFO  RestCalls:43 - Post Request Call-
2021-04-29 14:07:20 DEBUG BasicClientConnectionManager:161 - Get connection for route {s}->https://d-api.sbdinc.com:443
2021-04-29 14:07:20 DEBUG DefaultClientConnectionOperator:177 - Connecting to d-api.sbdinc.com:443
2021-04-29 14:07:21 DEBUG RequestAddCookies:123 - CookieSpec selected: ignoreCookies
2021-04-29 14:07:21 DEBUG RequestAuthCache:77 - Auth cache not set in the context
2021-04-29 14:07:21 DEBUG RequestTargetAuthentication:80 - Target auth state: UNCHALLENGED
2021-04-29 14:07:21 DEBUG RequestProxyAuthentication:89 - Proxy auth state: UNCHALLENGED
2021-04-29 14:07:21 DEBUG DefaultHttpClient:682 - Attempt 1 to execute request
2021-04-29 14:07:21 DEBUG DefaultClientConnection:274 - Sending request: POST /corpjourneycaa/v1/Inbound/post?Agora-Subscription-Key=48dfe6a704414f4c9f61b37a6b983fd7 HTTP/1.1
2021-04-29 14:07:21 DEBUG wire:73 -  >> "POST /corpjourneycaa/v1/Inbound/post?Agora-Subscription-Key=48dfe6a704414f4c9f61b37a6b983fd7 HTTP/1.1[\r][\n]"
2021-04-29 14:07:21 DEBUG wire:73 -  >> "Accept: */*[\r][\n]"
2021-04-29 14:07:21 DEBUG wire:73 -  >> "Content-Type: application/json; charset=UTF-8[\r][\n]"
2021-04-29 14:07:21 DEBUG wire:73 -  >> "Content-Length: 0[\r][\n]"
2021-04-29 14:07:21 DEBUG wire:73 -  >> "Host: d-api.sbdinc.com[\r][\n]"
2021-04-29 14:07:21 DEBUG wire:73 -  >> "Connection: Keep-Alive[\r][\n]"
2021-04-29 14:07:21 DEBUG wire:73 -  >> "User-Agent: Apache-HttpClient/4.5.3 (Java/1.8.0_191)[\r][\n]"
2021-04-29 14:07:21 DEBUG wire:73 -  >> "Accept-Encoding: gzip,deflate[\r][\n]"
2021-04-29 14:07:21 DEBUG wire:73 -  >> "[\r][\n]"
2021-04-29 14:07:21 DEBUG headers:278 - >> POST /corpjourneycaa/v1/Inbound/post?Agora-Subscription-Key=48dfe6a704414f4c9f61b37a6b983fd7 HTTP/1.1
2021-04-29 14:07:21 DEBUG headers:281 - >> Accept: */*
2021-04-29 14:07:21 DEBUG headers:281 - >> Content-Type: application/json; charset=UTF-8
2021-04-29 14:07:21 DEBUG headers:281 - >> Content-Length: 0
2021-04-29 14:07:21 DEBUG headers:281 - >> Host: d-api.sbdinc.com
2021-04-29 14:07:21 DEBUG headers:281 - >> Connection: Keep-Alive
2021-04-29 14:07:21 DEBUG headers:281 - >> User-Agent: Apache-HttpClient/4.5.3 (Java/1.8.0_191)
2021-04-29 14:07:21 DEBUG headers:281 - >> Accept-Encoding: gzip,deflate
2021-04-29 14:07:23 DEBUG wire:73 -  << "HTTP/1.1 502 Bad Gateway[\r][\n]"
2021-04-29 14:07:23 DEBUG wire:73 -  << "Cache-Control: no-cache[\r][\n]"
2021-04-29 14:07:23 DEBUG wire:73 -  << "Pragma: no-cache[\r][\n]"
2021-04-29 14:07:23 DEBUG wire:73 -  << "Content-Type: application/json; charset=utf-8[\r][\n]"
2021-04-29 14:07:23 DEBUG wire:73 -  << "Expires: -1[\r][\n]"
2021-04-29 14:07:23 DEBUG wire:73 -  << "x-ms-failure-cause: Trigger[\r][\n]"
2021-04-29 14:07:23 DEBUG wire:73 -  << "x-ms-workflow-run-id: 08585819214337092127731000475CU00[\r][\n]"
2021-04-29 14:07:23 DEBUG wire:73 -  << "x-ms-correlation-id: ac4547cf-d64a-4262-b74a-29ec60592a0b[\r][\n]"
2021-04-29 14:07:23 DEBUG wire:73 -  << "x-ms-client-tracking-id: 08585819214337092127731000475CU00[\r][\n]"
2021-04-29 14:07:23 DEBUG wire:73 -  << "x-ms-trigger-history-name: 08585819214337092127731000475CU00[\r][\n]"
2021-04-29 14:07:23 DEBUG wire:73 -  << "x-ms-execution-location: eastus[\r][\n]"
2021-04-29 14:07:23 DEBUG wire:73 -  << "x-ms-workflow-system-id: /locations/eastus/scaleunits/prod-03/workflows/21a2c519adea46fa8226d9348badd1c9[\r][\n]"
2021-04-29 14:07:23 DEBUG wire:73 -  << "x-ms-workflow-id: 21a2c519adea46fa8226d9348badd1c9[\r][\n]"
2021-04-29 14:07:23 DEBUG wire:73 -  << "x-ms-workflow-version: 08585825003350923326[\r][\n]"
2021-04-29 14:07:23 DEBUG wire:73 -  << "x-ms-workflow-name: sbd-SBD.CORP.JOURNEY-CAA-Inbound-APIMReceive-useast-dev-la[\r][\n]"
2021-04-29 14:07:23 DEBUG wire:73 -  << "x-ms-tracking-id: ac4547cf-d64a-4262-b74a-29ec60592a0b[\r][\n]"
2021-04-29 14:07:23 DEBUG wire:73 -  << "x-ms-request-id: eastus:ac4547cf-d64a-4262-b74a-29ec60592a0b[\r][\n]"
2021-04-29 14:07:23 DEBUG wire:73 -  << "Strict-Transport-Security: max-age=31536000; includeSubDomains[\r][\n]"
2021-04-29 14:07:23 DEBUG wire:73 -  << "Date: Thu, 29 Apr 2021 08:37:32 GMT[\r][\n]"
2021-04-29 14:07:23 DEBUG wire:73 -  << "Content-Length: 163[\r][\n]"
2021-04-29 14:07:23 DEBUG wire:73 -  << "[\r][\n]"
2021-04-29 14:07:23 DEBUG DefaultClientConnection:259 - Receiving response: HTTP/1.1 502 Bad Gateway
2021-04-29 14:07:23 DEBUG headers:262 - << HTTP/1.1 502 Bad Gateway
2021-04-29 14:07:23 DEBUG headers:265 - << Cache-Control: no-cache
2021-04-29 14:07:23 DEBUG headers:265 - << Pragma: no-cache
2021-04-29 14:07:23 DEBUG headers:265 - << Content-Type: application/json; charset=utf-8
2021-04-29 14:07:23 DEBUG headers:265 - << Expires: -1
2021-04-29 14:07:23 DEBUG headers:265 - << x-ms-failure-cause: Trigger
2021-04-29 14:07:23 DEBUG headers:265 - << x-ms-workflow-run-id: 08585819214337092127731000475CU00
2021-04-29 14:07:23 DEBUG headers:265 - << x-ms-correlation-id: ac4547cf-d64a-4262-b74a-29ec60592a0b
2021-04-29 14:07:23 DEBUG headers:265 - << x-ms-client-tracking-id: 08585819214337092127731000475CU00
2021-04-29 14:07:23 DEBUG headers:265 - << x-ms-trigger-history-name: 08585819214337092127731000475CU00
2021-04-29 14:07:23 DEBUG headers:265 - << x-ms-execution-location: eastus
2021-04-29 14:07:23 DEBUG headers:265 - << x-ms-workflow-system-id: /locations/eastus/scaleunits/prod-03/workflows/21a2c519adea46fa8226d9348badd1c9
2021-04-29 14:07:23 DEBUG headers:265 - << x-ms-workflow-id: 21a2c519adea46fa8226d9348badd1c9
2021-04-29 14:07:23 DEBUG headers:265 - << x-ms-workflow-version: 08585825003350923326
2021-04-29 14:07:23 DEBUG headers:265 - << x-ms-workflow-name: sbd-SBD.CORP.JOURNEY-CAA-Inbound-APIMReceive-useast-dev-la
2021-04-29 14:07:23 DEBUG headers:265 - << x-ms-tracking-id: ac4547cf-d64a-4262-b74a-29ec60592a0b
2021-04-29 14:07:23 DEBUG headers:265 - << x-ms-request-id: eastus:ac4547cf-d64a-4262-b74a-29ec60592a0b
2021-04-29 14:07:23 DEBUG headers:265 - << Strict-Transport-Security: max-age=31536000; includeSubDomains
2021-04-29 14:07:23 DEBUG headers:265 - << Date: Thu, 29 Apr 2021 08:37:32 GMT
2021-04-29 14:07:23 DEBUG headers:265 - << Content-Length: 163
2021-04-29 14:07:23 DEBUG DefaultHttpClient:509 - Connection can be kept alive indefinitely
2021-04-29 14:07:23 DEBUG RequestSpecificationImpl$RestAssuredHttpBuilder:545 - Parsing response as: application/json; charset=utf-8
2021-04-29 14:07:23 DEBUG RequestSpecificationImpl$RestAssuredHttpBuilder:548 - Parsed data to instance of: class org.apache.http.conn.EofSensorInputStream
2021-04-29 14:07:23 DEBUG RestCalls:47 - io.restassured.internal.RequestSpecificationImpl@7e9ae710
2021-04-29 14:07:23 INFO  TestUtils:17 - *** Get String Body****
2021-04-29 14:07:23 DEBUG wire:87 -  << "{"error":{"code":"NoResponse","message":"The server did not receive a response from an upstream server. Request tracking id '08585819214337092127731000475CU00'."}}"
2021-04-29 14:07:23 DEBUG BasicClientConnectionManager:200 - Releasing connection org.apache.http.impl.conn.ManagedClientConnectionImpl@2aceb811
2021-04-29 14:07:23 DEBUG BasicClientConnectionManager:225 - Connection can be kept alive indefinitely
2021-04-29 14:07:23 INFO  TestUtils:33 - ********JsonPath Response for Post*****
2021-04-29 14:07:23 INFO  InboundTesting:293 - ***** End C11_Deduction Test Cases ************
2021-04-29 14:07:23 INFO  TestUtils:48 - **** Getting response Code*******
]]></system-out>
  </testcase>
  <testcase name="C11_Deduction" classname="Inbound_Testing.InboundTesting" time="0">
    <skipped message="expected [200] but found [502]"/>
    <system-out><![CDATA[2021-04-29 14:07:23 INFO  payLoadsConvertor:16 - Inside payloads fn:
2021-04-29 14:07:23 INFO  InboundTesting:286 - **** Test Cases : Post Method *****
2021-04-29 14:07:23 INFO  URL:51 - PetStore URL Endpoint: https://d-api.sbdinc.com/corpjourneycaa/v1/Inbound/post
2021-04-29 14:07:23 INFO  RestCalls:43 - Post Request Call-
2021-04-29 14:07:23 DEBUG BasicClientConnectionManager:161 - Get connection for route {s}->https://d-api.sbdinc.com:443
2021-04-29 14:07:23 DEBUG DefaultClientConnectionOperator:177 - Connecting to d-api.sbdinc.com:443
2021-04-29 14:07:24 DEBUG RequestAddCookies:123 - CookieSpec selected: ignoreCookies
2021-04-29 14:07:24 DEBUG RequestAuthCache:77 - Auth cache not set in the context
2021-04-29 14:07:24 DEBUG RequestTargetAuthentication:80 - Target auth state: UNCHALLENGED
2021-04-29 14:07:24 DEBUG RequestProxyAuthentication:89 - Proxy auth state: UNCHALLENGED
2021-04-29 14:07:24 DEBUG DefaultHttpClient:682 - Attempt 1 to execute request
2021-04-29 14:07:24 DEBUG DefaultClientConnection:274 - Sending request: POST /corpjourneycaa/v1/Inbound/post?Agora-Subscription-Key=48dfe6a704414f4c9f61b37a6b983fd7 HTTP/1.1
2021-04-29 14:07:24 DEBUG wire:73 -  >> "POST /corpjourneycaa/v1/Inbound/post?Agora-Subscription-Key=48dfe6a704414f4c9f61b37a6b983fd7 HTTP/1.1[\r][\n]"
2021-04-29 14:07:24 DEBUG wire:73 -  >> "Accept: */*[\r][\n]"
2021-04-29 14:07:24 DEBUG wire:73 -  >> "Content-Type: application/json; charset=UTF-8[\r][\n]"
2021-04-29 14:07:24 DEBUG wire:73 -  >> "Content-Length: 0[\r][\n]"
2021-04-29 14:07:24 DEBUG wire:73 -  >> "Host: d-api.sbdinc.com[\r][\n]"
2021-04-29 14:07:24 DEBUG wire:73 -  >> "Connection: Keep-Alive[\r][\n]"
2021-04-29 14:07:24 DEBUG wire:73 -  >> "User-Agent: Apache-HttpClient/4.5.3 (Java/1.8.0_191)[\r][\n]"
2021-04-29 14:07:24 DEBUG wire:73 -  >> "Accept-Encoding: gzip,deflate[\r][\n]"
2021-04-29 14:07:24 DEBUG wire:73 -  >> "[\r][\n]"
2021-04-29 14:07:24 DEBUG headers:278 - >> POST /corpjourneycaa/v1/Inbound/post?Agora-Subscription-Key=48dfe6a704414f4c9f61b37a6b983fd7 HTTP/1.1
2021-04-29 14:07:24 DEBUG headers:281 - >> Accept: */*
2021-04-29 14:07:24 DEBUG headers:281 - >> Content-Type: application/json; charset=UTF-8
2021-04-29 14:07:24 DEBUG headers:281 - >> Content-Length: 0
2021-04-29 14:07:24 DEBUG headers:281 - >> Host: d-api.sbdinc.com
2021-04-29 14:07:24 DEBUG headers:281 - >> Connection: Keep-Alive
2021-04-29 14:07:24 DEBUG headers:281 - >> User-Agent: Apache-HttpClient/4.5.3 (Java/1.8.0_191)
2021-04-29 14:07:24 DEBUG headers:281 - >> Accept-Encoding: gzip,deflate
2021-04-29 14:07:26 DEBUG wire:73 -  << "HTTP/1.1 502 Bad Gateway[\r][\n]"
2021-04-29 14:07:26 DEBUG wire:73 -  << "Cache-Control: no-cache[\r][\n]"
2021-04-29 14:07:26 DEBUG wire:73 -  << "Pragma: no-cache[\r][\n]"
2021-04-29 14:07:26 DEBUG wire:73 -  << "Content-Type: application/json; charset=utf-8[\r][\n]"
2021-04-29 14:07:26 DEBUG wire:73 -  << "Expires: -1[\r][\n]"
2021-04-29 14:07:26 DEBUG wire:73 -  << "x-ms-failure-cause: Trigger[\r][\n]"
2021-04-29 14:07:26 DEBUG wire:73 -  << "x-ms-workflow-run-id: 08585819214313543929082120635CU03[\r][\n]"
2021-04-29 14:07:26 DEBUG wire:73 -  << "x-ms-correlation-id: f73716fb-27a3-4cf2-a587-1f85944114d8[\r][\n]"
2021-04-29 14:07:26 DEBUG wire:73 -  << "x-ms-client-tracking-id: 08585819214313543929082120635CU03[\r][\n]"
2021-04-29 14:07:26 DEBUG wire:73 -  << "x-ms-trigger-history-name: 08585819214313543929082120635CU03[\r][\n]"
2021-04-29 14:07:26 DEBUG wire:73 -  << "x-ms-execution-location: eastus[\r][\n]"
2021-04-29 14:07:26 DEBUG wire:73 -  << "x-ms-workflow-system-id: /locations/eastus/scaleunits/prod-03/workflows/21a2c519adea46fa8226d9348badd1c9[\r][\n]"
2021-04-29 14:07:26 DEBUG wire:73 -  << "x-ms-workflow-id: 21a2c519adea46fa8226d9348badd1c9[\r][\n]"
2021-04-29 14:07:26 DEBUG wire:73 -  << "x-ms-workflow-version: 08585825003350923326[\r][\n]"
2021-04-29 14:07:26 DEBUG wire:73 -  << "x-ms-workflow-name: sbd-SBD.CORP.JOURNEY-CAA-Inbound-APIMReceive-useast-dev-la[\r][\n]"
2021-04-29 14:07:26 DEBUG wire:73 -  << "x-ms-tracking-id: f73716fb-27a3-4cf2-a587-1f85944114d8[\r][\n]"
2021-04-29 14:07:26 DEBUG wire:73 -  << "x-ms-request-id: eastus:f73716fb-27a3-4cf2-a587-1f85944114d8[\r][\n]"
2021-04-29 14:07:26 DEBUG wire:73 -  << "Strict-Transport-Security: max-age=31536000; includeSubDomains[\r][\n]"
2021-04-29 14:07:26 DEBUG wire:73 -  << "Date: Thu, 29 Apr 2021 08:37:36 GMT[\r][\n]"
2021-04-29 14:07:26 DEBUG wire:73 -  << "Content-Length: 163[\r][\n]"
2021-04-29 14:07:26 DEBUG wire:73 -  << "[\r][\n]"
2021-04-29 14:07:26 DEBUG DefaultClientConnection:259 - Receiving response: HTTP/1.1 502 Bad Gateway
2021-04-29 14:07:26 DEBUG headers:262 - << HTTP/1.1 502 Bad Gateway
2021-04-29 14:07:26 DEBUG headers:265 - << Cache-Control: no-cache
2021-04-29 14:07:26 DEBUG headers:265 - << Pragma: no-cache
2021-04-29 14:07:26 DEBUG headers:265 - << Content-Type: application/json; charset=utf-8
2021-04-29 14:07:26 DEBUG headers:265 - << Expires: -1
2021-04-29 14:07:26 DEBUG headers:265 - << x-ms-failure-cause: Trigger
2021-04-29 14:07:26 DEBUG headers:265 - << x-ms-workflow-run-id: 08585819214313543929082120635CU03
2021-04-29 14:07:26 DEBUG headers:265 - << x-ms-correlation-id: f73716fb-27a3-4cf2-a587-1f85944114d8
2021-04-29 14:07:26 DEBUG headers:265 - << x-ms-client-tracking-id: 08585819214313543929082120635CU03
2021-04-29 14:07:26 DEBUG headers:265 - << x-ms-trigger-history-name: 08585819214313543929082120635CU03
2021-04-29 14:07:26 DEBUG headers:265 - << x-ms-execution-location: eastus
2021-04-29 14:07:26 DEBUG headers:265 - << x-ms-workflow-system-id: /locations/eastus/scaleunits/prod-03/workflows/21a2c519adea46fa8226d9348badd1c9
2021-04-29 14:07:26 DEBUG headers:265 - << x-ms-workflow-id: 21a2c519adea46fa8226d9348badd1c9
2021-04-29 14:07:26 DEBUG headers:265 - << x-ms-workflow-version: 08585825003350923326
2021-04-29 14:07:26 DEBUG headers:265 - << x-ms-workflow-name: sbd-SBD.CORP.JOURNEY-CAA-Inbound-APIMReceive-useast-dev-la
2021-04-29 14:07:26 DEBUG headers:265 - << x-ms-tracking-id: f73716fb-27a3-4cf2-a587-1f85944114d8
2021-04-29 14:07:26 DEBUG headers:265 - << x-ms-request-id: eastus:f73716fb-27a3-4cf2-a587-1f85944114d8
2021-04-29 14:07:26 DEBUG headers:265 - << Strict-Transport-Security: max-age=31536000; includeSubDomains
2021-04-29 14:07:26 DEBUG headers:265 - << Date: Thu, 29 Apr 2021 08:37:36 GMT
2021-04-29 14:07:26 DEBUG headers:265 - << Content-Length: 163
2021-04-29 14:07:26 DEBUG DefaultHttpClient:509 - Connection can be kept alive indefinitely
2021-04-29 14:07:26 DEBUG RequestSpecificationImpl$RestAssuredHttpBuilder:545 - Parsing response as: application/json; charset=utf-8
2021-04-29 14:07:26 DEBUG RequestSpecificationImpl$RestAssuredHttpBuilder:548 - Parsed data to instance of: class org.apache.http.conn.EofSensorInputStream
2021-04-29 14:07:26 DEBUG RestCalls:47 - io.restassured.internal.RequestSpecificationImpl@16a337c8
2021-04-29 14:07:26 INFO  TestUtils:17 - *** Get String Body****
2021-04-29 14:07:26 DEBUG wire:87 -  << "{"error":{"code":"NoResponse","message":"The server did not receive a response from an upstream server. Request tracking id '08585819214313543929082120635CU03'."}}"
2021-04-29 14:07:26 DEBUG BasicClientConnectionManager:200 - Releasing connection org.apache.http.impl.conn.ManagedClientConnectionImpl@e7429d3
2021-04-29 14:07:26 DEBUG BasicClientConnectionManager:225 - Connection can be kept alive indefinitely
2021-04-29 14:07:26 INFO  TestUtils:33 - ********JsonPath Response for Post*****
2021-04-29 14:07:26 INFO  InboundTesting:293 - ***** End C11_Deduction Test Cases ************
2021-04-29 14:07:26 INFO  TestUtils:48 - **** Getting response Code*******
]]></system-out>
  </testcase>
  <testcase name="C11_Deduction" classname="Inbound_Testing.InboundTesting" time="2.369">
    <failure message="expected [200] but found [502]" type="java.lang.AssertionError">java.lang.AssertionError: expected [200] but found [502]
	at Inbound_Testing.InboundTesting.C11_Deduction(InboundTesting.java:294)
</failure>
    <system-out><![CDATA[2021-04-29 14:07:26 INFO  payLoadsConvertor:16 - Inside payloads fn:
2021-04-29 14:07:26 INFO  InboundTesting:286 - **** Test Cases : Post Method *****
2021-04-29 14:07:26 INFO  URL:51 - PetStore URL Endpoint: https://d-api.sbdinc.com/corpjourneycaa/v1/Inbound/post
2021-04-29 14:07:26 INFO  RestCalls:43 - Post Request Call-
2021-04-29 14:07:26 DEBUG BasicClientConnectionManager:161 - Get connection for route {s}->https://d-api.sbdinc.com:443
2021-04-29 14:07:26 DEBUG DefaultClientConnectionOperator:177 - Connecting to d-api.sbdinc.com:443
2021-04-29 14:07:27 DEBUG RequestAddCookies:123 - CookieSpec selected: ignoreCookies
2021-04-29 14:07:27 DEBUG RequestAuthCache:77 - Auth cache not set in the context
2021-04-29 14:07:27 DEBUG RequestTargetAuthentication:80 - Target auth state: UNCHALLENGED
2021-04-29 14:07:27 DEBUG RequestProxyAuthentication:89 - Proxy auth state: UNCHALLENGED
2021-04-29 14:07:27 DEBUG DefaultHttpClient:682 - Attempt 1 to execute request
2021-04-29 14:07:27 DEBUG DefaultClientConnection:274 - Sending request: POST /corpjourneycaa/v1/Inbound/post?Agora-Subscription-Key=48dfe6a704414f4c9f61b37a6b983fd7 HTTP/1.1
2021-04-29 14:07:27 DEBUG wire:73 -  >> "POST /corpjourneycaa/v1/Inbound/post?Agora-Subscription-Key=48dfe6a704414f4c9f61b37a6b983fd7 HTTP/1.1[\r][\n]"
2021-04-29 14:07:27 DEBUG wire:73 -  >> "Accept: */*[\r][\n]"
2021-04-29 14:07:27 DEBUG wire:73 -  >> "Content-Type: application/json; charset=UTF-8[\r][\n]"
2021-04-29 14:07:27 DEBUG wire:73 -  >> "Content-Length: 0[\r][\n]"
2021-04-29 14:07:27 DEBUG wire:73 -  >> "Host: d-api.sbdinc.com[\r][\n]"
2021-04-29 14:07:27 DEBUG wire:73 -  >> "Connection: Keep-Alive[\r][\n]"
2021-04-29 14:07:27 DEBUG wire:73 -  >> "User-Agent: Apache-HttpClient/4.5.3 (Java/1.8.0_191)[\r][\n]"
2021-04-29 14:07:27 DEBUG wire:73 -  >> "Accept-Encoding: gzip,deflate[\r][\n]"
2021-04-29 14:07:27 DEBUG wire:73 -  >> "[\r][\n]"
2021-04-29 14:07:27 DEBUG headers:278 - >> POST /corpjourneycaa/v1/Inbound/post?Agora-Subscription-Key=48dfe6a704414f4c9f61b37a6b983fd7 HTTP/1.1
2021-04-29 14:07:27 DEBUG headers:281 - >> Accept: */*
2021-04-29 14:07:27 DEBUG headers:281 - >> Content-Type: application/json; charset=UTF-8
2021-04-29 14:07:27 DEBUG headers:281 - >> Content-Length: 0
2021-04-29 14:07:27 DEBUG headers:281 - >> Host: d-api.sbdinc.com
2021-04-29 14:07:27 DEBUG headers:281 - >> Connection: Keep-Alive
2021-04-29 14:07:27 DEBUG headers:281 - >> User-Agent: Apache-HttpClient/4.5.3 (Java/1.8.0_191)
2021-04-29 14:07:27 DEBUG headers:281 - >> Accept-Encoding: gzip,deflate
2021-04-29 14:07:28 DEBUG wire:73 -  << "HTTP/1.1 502 Bad Gateway[\r][\n]"
2021-04-29 14:07:28 DEBUG wire:73 -  << "Cache-Control: no-cache[\r][\n]"
2021-04-29 14:07:28 DEBUG wire:73 -  << "Pragma: no-cache[\r][\n]"
2021-04-29 14:07:28 DEBUG wire:73 -  << "Content-Type: application/json; charset=utf-8[\r][\n]"
2021-04-29 14:07:28 DEBUG wire:73 -  << "Expires: -1[\r][\n]"
2021-04-29 14:07:28 DEBUG wire:73 -  << "x-ms-failure-cause: Trigger[\r][\n]"
2021-04-29 14:07:28 DEBUG wire:73 -  << "x-ms-workflow-run-id: 08585819214280209947795471478CU03[\r][\n]"
2021-04-29 14:07:28 DEBUG wire:73 -  << "x-ms-correlation-id: c3d6969f-2cb5-49c8-af3f-92ce0e166ebf[\r][\n]"
2021-04-29 14:07:28 DEBUG wire:73 -  << "x-ms-client-tracking-id: 08585819214280209947795471478CU03[\r][\n]"
2021-04-29 14:07:28 DEBUG wire:73 -  << "x-ms-trigger-history-name: 08585819214280209947795471478CU03[\r][\n]"
2021-04-29 14:07:28 DEBUG wire:73 -  << "x-ms-execution-location: eastus[\r][\n]"
2021-04-29 14:07:28 DEBUG wire:73 -  << "x-ms-workflow-system-id: /locations/eastus/scaleunits/prod-03/workflows/21a2c519adea46fa8226d9348badd1c9[\r][\n]"
2021-04-29 14:07:28 DEBUG wire:73 -  << "x-ms-workflow-id: 21a2c519adea46fa8226d9348badd1c9[\r][\n]"
2021-04-29 14:07:28 DEBUG wire:73 -  << "x-ms-workflow-version: 08585825003350923326[\r][\n]"
2021-04-29 14:07:28 DEBUG wire:73 -  << "x-ms-workflow-name: sbd-SBD.CORP.JOURNEY-CAA-Inbound-APIMReceive-useast-dev-la[\r][\n]"
2021-04-29 14:07:28 DEBUG wire:73 -  << "x-ms-tracking-id: c3d6969f-2cb5-49c8-af3f-92ce0e166ebf[\r][\n]"
2021-04-29 14:07:28 DEBUG wire:73 -  << "x-ms-request-id: eastus:c3d6969f-2cb5-49c8-af3f-92ce0e166ebf[\r][\n]"
2021-04-29 14:07:28 DEBUG wire:73 -  << "Strict-Transport-Security: max-age=31536000; includeSubDomains[\r][\n]"
2021-04-29 14:07:28 DEBUG wire:73 -  << "Date: Thu, 29 Apr 2021 08:37:38 GMT[\r][\n]"
2021-04-29 14:07:28 DEBUG wire:73 -  << "Content-Length: 163[\r][\n]"
2021-04-29 14:07:28 DEBUG wire:73 -  << "[\r][\n]"
2021-04-29 14:07:28 DEBUG DefaultClientConnection:259 - Receiving response: HTTP/1.1 502 Bad Gateway
2021-04-29 14:07:28 DEBUG headers:262 - << HTTP/1.1 502 Bad Gateway
2021-04-29 14:07:28 DEBUG headers:265 - << Cache-Control: no-cache
2021-04-29 14:07:28 DEBUG headers:265 - << Pragma: no-cache
2021-04-29 14:07:28 DEBUG headers:265 - << Content-Type: application/json; charset=utf-8
2021-04-29 14:07:28 DEBUG headers:265 - << Expires: -1
2021-04-29 14:07:28 DEBUG headers:265 - << x-ms-failure-cause: Trigger
2021-04-29 14:07:28 DEBUG headers:265 - << x-ms-workflow-run-id: 08585819214280209947795471478CU03
2021-04-29 14:07:28 DEBUG headers:265 - << x-ms-correlation-id: c3d6969f-2cb5-49c8-af3f-92ce0e166ebf
2021-04-29 14:07:28 DEBUG headers:265 - << x-ms-client-tracking-id: 08585819214280209947795471478CU03
2021-04-29 14:07:28 DEBUG headers:265 - << x-ms-trigger-history-name: 08585819214280209947795471478CU03
2021-04-29 14:07:28 DEBUG headers:265 - << x-ms-execution-location: eastus
2021-04-29 14:07:28 DEBUG headers:265 - << x-ms-workflow-system-id: /locations/eastus/scaleunits/prod-03/workflows/21a2c519adea46fa8226d9348badd1c9
2021-04-29 14:07:28 DEBUG headers:265 - << x-ms-workflow-id: 21a2c519adea46fa8226d9348badd1c9
2021-04-29 14:07:28 DEBUG headers:265 - << x-ms-workflow-version: 08585825003350923326
2021-04-29 14:07:28 DEBUG headers:265 - << x-ms-workflow-name: sbd-SBD.CORP.JOURNEY-CAA-Inbound-APIMReceive-useast-dev-la
2021-04-29 14:07:28 DEBUG headers:265 - << x-ms-tracking-id: c3d6969f-2cb5-49c8-af3f-92ce0e166ebf
2021-04-29 14:07:28 DEBUG headers:265 - << x-ms-request-id: eastus:c3d6969f-2cb5-49c8-af3f-92ce0e166ebf
2021-04-29 14:07:28 DEBUG headers:265 - << Strict-Transport-Security: max-age=31536000; includeSubDomains
2021-04-29 14:07:28 DEBUG headers:265 - << Date: Thu, 29 Apr 2021 08:37:38 GMT
2021-04-29 14:07:28 DEBUG headers:265 - << Content-Length: 163
2021-04-29 14:07:28 DEBUG DefaultHttpClient:509 - Connection can be kept alive indefinitely
2021-04-29 14:07:28 DEBUG RequestSpecificationImpl$RestAssuredHttpBuilder:545 - Parsing response as: application/json; charset=utf-8
2021-04-29 14:07:28 DEBUG RequestSpecificationImpl$RestAssuredHttpBuilder:548 - Parsed data to instance of: class org.apache.http.conn.EofSensorInputStream
2021-04-29 14:07:28 DEBUG RestCalls:47 - io.restassured.internal.RequestSpecificationImpl@191145fc
2021-04-29 14:07:28 INFO  TestUtils:17 - *** Get String Body****
2021-04-29 14:07:28 DEBUG wire:87 -  << "{"error":{"code":"NoResponse","message":"The server did not receive a response from an upstream server. Request tracking id '08585819214280209947795471478CU03'."}}"
2021-04-29 14:07:28 DEBUG BasicClientConnectionManager:200 - Releasing connection org.apache.http.impl.conn.ManagedClientConnectionImpl@6949d408
2021-04-29 14:07:28 DEBUG BasicClientConnectionManager:225 - Connection can be kept alive indefinitely
2021-04-29 14:07:28 INFO  TestUtils:33 - ********JsonPath Response for Post*****
2021-04-29 14:07:28 INFO  InboundTesting:293 - ***** End C11_Deduction Test Cases ************
2021-04-29 14:07:28 INFO  TestUtils:48 - **** Getting response Code*******
]]></system-out>
  </testcase>
  <testcase name="C11_Discount" classname="Inbound_Testing.InboundTesting" time="0">
    <skipped message="expected [200] but found [502]"/>
    <system-out><![CDATA[2021-04-29 14:07:28 INFO  payLoadsConvertor:16 - Inside payloads fn:
2021-04-29 14:07:28 INFO  InboundTesting:304 - **** Test Cases : Post Method *****
2021-04-29 14:07:28 INFO  URL:51 - PetStore URL Endpoint: https://d-api.sbdinc.com/corpjourneycaa/v1/Inbound/post
2021-04-29 14:07:28 INFO  RestCalls:43 - Post Request Call-
2021-04-29 14:07:28 DEBUG BasicClientConnectionManager:161 - Get connection for route {s}->https://d-api.sbdinc.com:443
2021-04-29 14:07:28 DEBUG DefaultClientConnectionOperator:177 - Connecting to d-api.sbdinc.com:443
2021-04-29 14:07:29 DEBUG DefaultClientConnection:180 - Connection 0.0.0.0:61570<->13.82.100.245:443 closed
2021-04-29 14:07:29 DEBUG DefaultClientConnection:180 - Connection 0.0.0.0:61571<->13.82.100.245:443 closed
2021-04-29 14:07:29 DEBUG DefaultClientConnection:180 - Connection 0.0.0.0:61572<->13.82.100.245:443 closed
2021-04-29 14:07:29 DEBUG DefaultClientConnection:180 - Connection 0.0.0.0:61573<->13.82.100.245:443 closed
2021-04-29 14:07:29 DEBUG DefaultClientConnection:180 - Connection 0.0.0.0:61574<->13.82.100.245:443 closed
2021-04-29 14:07:29 DEBUG DefaultClientConnection:180 - Connection 0.0.0.0:61575<->13.82.100.245:443 closed
2021-04-29 14:07:29 DEBUG DefaultClientConnection:180 - Connection 0.0.0.0:61576<->13.82.100.245:443 closed
2021-04-29 14:07:29 DEBUG RequestAddCookies:123 - CookieSpec selected: ignoreCookies
2021-04-29 14:07:29 DEBUG RequestAuthCache:77 - Auth cache not set in the context
2021-04-29 14:07:29 DEBUG RequestTargetAuthentication:80 - Target auth state: UNCHALLENGED
2021-04-29 14:07:29 DEBUG RequestProxyAuthentication:89 - Proxy auth state: UNCHALLENGED
2021-04-29 14:07:29 DEBUG DefaultHttpClient:682 - Attempt 1 to execute request
2021-04-29 14:07:29 DEBUG DefaultClientConnection:274 - Sending request: POST /corpjourneycaa/v1/Inbound/post?Agora-Subscription-Key=48dfe6a704414f4c9f61b37a6b983fd7 HTTP/1.1
2021-04-29 14:07:29 DEBUG wire:73 -  >> "POST /corpjourneycaa/v1/Inbound/post?Agora-Subscription-Key=48dfe6a704414f4c9f61b37a6b983fd7 HTTP/1.1[\r][\n]"
2021-04-29 14:07:29 DEBUG wire:73 -  >> "Accept: */*[\r][\n]"
2021-04-29 14:07:29 DEBUG wire:73 -  >> "Content-Type: application/json; charset=UTF-8[\r][\n]"
2021-04-29 14:07:29 DEBUG wire:73 -  >> "Content-Length: 0[\r][\n]"
2021-04-29 14:07:29 DEBUG wire:73 -  >> "Host: d-api.sbdinc.com[\r][\n]"
2021-04-29 14:07:29 DEBUG wire:73 -  >> "Connection: Keep-Alive[\r][\n]"
2021-04-29 14:07:29 DEBUG wire:73 -  >> "User-Agent: Apache-HttpClient/4.5.3 (Java/1.8.0_191)[\r][\n]"
2021-04-29 14:07:29 DEBUG wire:73 -  >> "Accept-Encoding: gzip,deflate[\r][\n]"
2021-04-29 14:07:29 DEBUG wire:73 -  >> "[\r][\n]"
2021-04-29 14:07:29 DEBUG headers:278 - >> POST /corpjourneycaa/v1/Inbound/post?Agora-Subscription-Key=48dfe6a704414f4c9f61b37a6b983fd7 HTTP/1.1
2021-04-29 14:07:29 DEBUG headers:281 - >> Accept: */*
2021-04-29 14:07:29 DEBUG headers:281 - >> Content-Type: application/json; charset=UTF-8
2021-04-29 14:07:29 DEBUG headers:281 - >> Content-Length: 0
2021-04-29 14:07:29 DEBUG headers:281 - >> Host: d-api.sbdinc.com
2021-04-29 14:07:29 DEBUG headers:281 - >> Connection: Keep-Alive
2021-04-29 14:07:29 DEBUG headers:281 - >> User-Agent: Apache-HttpClient/4.5.3 (Java/1.8.0_191)
2021-04-29 14:07:29 DEBUG headers:281 - >> Accept-Encoding: gzip,deflate
2021-04-29 14:07:31 DEBUG wire:73 -  << "HTTP/1.1 502 Bad Gateway[\r][\n]"
2021-04-29 14:07:31 DEBUG wire:73 -  << "Cache-Control: no-cache[\r][\n]"
2021-04-29 14:07:31 DEBUG wire:73 -  << "Pragma: no-cache[\r][\n]"
2021-04-29 14:07:31 DEBUG wire:73 -  << "Content-Type: application/json; charset=utf-8[\r][\n]"
2021-04-29 14:07:31 DEBUG wire:73 -  << "Expires: -1[\r][\n]"
2021-04-29 14:07:31 DEBUG wire:73 -  << "x-ms-failure-cause: Trigger[\r][\n]"
2021-04-29 14:07:31 DEBUG wire:73 -  << "x-ms-workflow-run-id: 08585819214255871228700037364CU00[\r][\n]"
2021-04-29 14:07:31 DEBUG wire:73 -  << "x-ms-correlation-id: be3e8fa8-112a-45cd-b30c-6902d3024ed5[\r][\n]"
2021-04-29 14:07:31 DEBUG wire:73 -  << "x-ms-client-tracking-id: 08585819214255871228700037364CU00[\r][\n]"
2021-04-29 14:07:31 DEBUG wire:73 -  << "x-ms-trigger-history-name: 08585819214255871228700037364CU00[\r][\n]"
2021-04-29 14:07:31 DEBUG wire:73 -  << "x-ms-execution-location: eastus[\r][\n]"
2021-04-29 14:07:31 DEBUG wire:73 -  << "x-ms-workflow-system-id: /locations/eastus/scaleunits/prod-03/workflows/21a2c519adea46fa8226d9348badd1c9[\r][\n]"
2021-04-29 14:07:31 DEBUG wire:73 -  << "x-ms-workflow-id: 21a2c519adea46fa8226d9348badd1c9[\r][\n]"
2021-04-29 14:07:31 DEBUG wire:73 -  << "x-ms-workflow-version: 08585825003350923326[\r][\n]"
2021-04-29 14:07:31 DEBUG wire:73 -  << "x-ms-workflow-name: sbd-SBD.CORP.JOURNEY-CAA-Inbound-APIMReceive-useast-dev-la[\r][\n]"
2021-04-29 14:07:31 DEBUG wire:73 -  << "x-ms-tracking-id: be3e8fa8-112a-45cd-b30c-6902d3024ed5[\r][\n]"
2021-04-29 14:07:31 DEBUG wire:73 -  << "x-ms-request-id: eastus:be3e8fa8-112a-45cd-b30c-6902d3024ed5[\r][\n]"
2021-04-29 14:07:31 DEBUG wire:73 -  << "Strict-Transport-Security: max-age=31536000; includeSubDomains[\r][\n]"
2021-04-29 14:07:31 DEBUG wire:73 -  << "Date: Thu, 29 Apr 2021 08:37:40 GMT[\r][\n]"
2021-04-29 14:07:31 DEBUG wire:73 -  << "Content-Length: 163[\r][\n]"
2021-04-29 14:07:31 DEBUG wire:73 -  << "[\r][\n]"
2021-04-29 14:07:31 DEBUG DefaultClientConnection:259 - Receiving response: HTTP/1.1 502 Bad Gateway
2021-04-29 14:07:31 DEBUG headers:262 - << HTTP/1.1 502 Bad Gateway
2021-04-29 14:07:31 DEBUG headers:265 - << Cache-Control: no-cache
2021-04-29 14:07:31 DEBUG headers:265 - << Pragma: no-cache
2021-04-29 14:07:31 DEBUG headers:265 - << Content-Type: application/json; charset=utf-8
2021-04-29 14:07:31 DEBUG headers:265 - << Expires: -1
2021-04-29 14:07:31 DEBUG headers:265 - << x-ms-failure-cause: Trigger
2021-04-29 14:07:31 DEBUG headers:265 - << x-ms-workflow-run-id: 08585819214255871228700037364CU00
2021-04-29 14:07:31 DEBUG headers:265 - << x-ms-correlation-id: be3e8fa8-112a-45cd-b30c-6902d3024ed5
2021-04-29 14:07:31 DEBUG headers:265 - << x-ms-client-tracking-id: 08585819214255871228700037364CU00
2021-04-29 14:07:31 DEBUG headers:265 - << x-ms-trigger-history-name: 08585819214255871228700037364CU00
2021-04-29 14:07:31 DEBUG headers:265 - << x-ms-execution-location: eastus
2021-04-29 14:07:31 DEBUG headers:265 - << x-ms-workflow-system-id: /locations/eastus/scaleunits/prod-03/workflows/21a2c519adea46fa8226d9348badd1c9
2021-04-29 14:07:31 DEBUG headers:265 - << x-ms-workflow-id: 21a2c519adea46fa8226d9348badd1c9
2021-04-29 14:07:31 DEBUG headers:265 - << x-ms-workflow-version: 08585825003350923326
2021-04-29 14:07:31 DEBUG headers:265 - << x-ms-workflow-name: sbd-SBD.CORP.JOURNEY-CAA-Inbound-APIMReceive-useast-dev-la
2021-04-29 14:07:31 DEBUG headers:265 - << x-ms-tracking-id: be3e8fa8-112a-45cd-b30c-6902d3024ed5
2021-04-29 14:07:31 DEBUG headers:265 - << x-ms-request-id: eastus:be3e8fa8-112a-45cd-b30c-6902d3024ed5
2021-04-29 14:07:31 DEBUG headers:265 - << Strict-Transport-Security: max-age=31536000; includeSubDomains
2021-04-29 14:07:31 DEBUG headers:265 - << Date: Thu, 29 Apr 2021 08:37:40 GMT
2021-04-29 14:07:31 DEBUG headers:265 - << Content-Length: 163
2021-04-29 14:07:31 DEBUG DefaultHttpClient:509 - Connection can be kept alive indefinitely
2021-04-29 14:07:31 DEBUG RequestSpecificationImpl$RestAssuredHttpBuilder:545 - Parsing response as: application/json; charset=utf-8
2021-04-29 14:07:31 DEBUG RequestSpecificationImpl$RestAssuredHttpBuilder:548 - Parsed data to instance of: class org.apache.http.conn.EofSensorInputStream
2021-04-29 14:07:31 DEBUG RestCalls:47 - io.restassured.internal.RequestSpecificationImpl@7db742c3
2021-04-29 14:07:31 INFO  TestUtils:17 - *** Get String Body****
2021-04-29 14:07:31 DEBUG wire:87 -  << "{"error":{"code":"NoResponse","message":"The server did not receive a response from an upstream server. Request tracking id '08585819214255871228700037364CU00'."}}"
2021-04-29 14:07:31 DEBUG BasicClientConnectionManager:200 - Releasing connection org.apache.http.impl.conn.ManagedClientConnectionImpl@7c8794b9
2021-04-29 14:07:31 DEBUG BasicClientConnectionManager:225 - Connection can be kept alive indefinitely
2021-04-29 14:07:31 INFO  TestUtils:33 - ********JsonPath Response for Post*****
2021-04-29 14:07:31 INFO  InboundTesting:311 - ***** End C11_Discount Test Cases ************
2021-04-29 14:07:31 INFO  TestUtils:48 - **** Getting response Code*******
]]></system-out>
  </testcase>
  <testcase name="C11_Discount" classname="Inbound_Testing.InboundTesting" time="0">
    <skipped message="expected [200] but found [502]"/>
    <system-out><![CDATA[2021-04-29 14:07:31 INFO  payLoadsConvertor:16 - Inside payloads fn:
2021-04-29 14:07:31 INFO  InboundTesting:304 - **** Test Cases : Post Method *****
2021-04-29 14:07:31 INFO  URL:51 - PetStore URL Endpoint: https://d-api.sbdinc.com/corpjourneycaa/v1/Inbound/post
2021-04-29 14:07:31 INFO  RestCalls:43 - Post Request Call-
2021-04-29 14:07:31 DEBUG BasicClientConnectionManager:161 - Get connection for route {s}->https://d-api.sbdinc.com:443
2021-04-29 14:07:31 DEBUG DefaultClientConnectionOperator:177 - Connecting to d-api.sbdinc.com:443
2021-04-29 14:07:32 DEBUG RequestAddCookies:123 - CookieSpec selected: ignoreCookies
2021-04-29 14:07:32 DEBUG RequestAuthCache:77 - Auth cache not set in the context
2021-04-29 14:07:32 DEBUG RequestTargetAuthentication:80 - Target auth state: UNCHALLENGED
2021-04-29 14:07:32 DEBUG RequestProxyAuthentication:89 - Proxy auth state: UNCHALLENGED
2021-04-29 14:07:32 DEBUG DefaultHttpClient:682 - Attempt 1 to execute request
2021-04-29 14:07:32 DEBUG DefaultClientConnection:274 - Sending request: POST /corpjourneycaa/v1/Inbound/post?Agora-Subscription-Key=48dfe6a704414f4c9f61b37a6b983fd7 HTTP/1.1
2021-04-29 14:07:32 DEBUG wire:73 -  >> "POST /corpjourneycaa/v1/Inbound/post?Agora-Subscription-Key=48dfe6a704414f4c9f61b37a6b983fd7 HTTP/1.1[\r][\n]"
2021-04-29 14:07:32 DEBUG wire:73 -  >> "Accept: */*[\r][\n]"
2021-04-29 14:07:32 DEBUG wire:73 -  >> "Content-Type: application/json; charset=UTF-8[\r][\n]"
2021-04-29 14:07:32 DEBUG wire:73 -  >> "Content-Length: 0[\r][\n]"
2021-04-29 14:07:32 DEBUG wire:73 -  >> "Host: d-api.sbdinc.com[\r][\n]"
2021-04-29 14:07:32 DEBUG wire:73 -  >> "Connection: Keep-Alive[\r][\n]"
2021-04-29 14:07:32 DEBUG wire:73 -  >> "User-Agent: Apache-HttpClient/4.5.3 (Java/1.8.0_191)[\r][\n]"
2021-04-29 14:07:32 DEBUG wire:73 -  >> "Accept-Encoding: gzip,deflate[\r][\n]"
2021-04-29 14:07:32 DEBUG wire:73 -  >> "[\r][\n]"
2021-04-29 14:07:32 DEBUG headers:278 - >> POST /corpjourneycaa/v1/Inbound/post?Agora-Subscription-Key=48dfe6a704414f4c9f61b37a6b983fd7 HTTP/1.1
2021-04-29 14:07:32 DEBUG headers:281 - >> Accept: */*
2021-04-29 14:07:32 DEBUG headers:281 - >> Content-Type: application/json; charset=UTF-8
2021-04-29 14:07:32 DEBUG headers:281 - >> Content-Length: 0
2021-04-29 14:07:32 DEBUG headers:281 - >> Host: d-api.sbdinc.com
2021-04-29 14:07:32 DEBUG headers:281 - >> Connection: Keep-Alive
2021-04-29 14:07:32 DEBUG headers:281 - >> User-Agent: Apache-HttpClient/4.5.3 (Java/1.8.0_191)
2021-04-29 14:07:32 DEBUG headers:281 - >> Accept-Encoding: gzip,deflate
2021-04-29 14:07:33 DEBUG wire:73 -  << "HTTP/1.1 502 Bad Gateway[\r][\n]"
2021-04-29 14:07:33 DEBUG wire:73 -  << "Cache-Control: no-cache[\r][\n]"
2021-04-29 14:07:33 DEBUG wire:73 -  << "Pragma: no-cache[\r][\n]"
2021-04-29 14:07:33 DEBUG wire:73 -  << "Content-Type: application/json; charset=utf-8[\r][\n]"
2021-04-29 14:07:33 DEBUG wire:73 -  << "Expires: -1[\r][\n]"
2021-04-29 14:07:33 DEBUG wire:73 -  << "x-ms-failure-cause: Trigger[\r][\n]"
2021-04-29 14:07:33 DEBUG wire:73 -  << "x-ms-workflow-run-id: 08585819214233205227521385126CU00[\r][\n]"
2021-04-29 14:07:34 DEBUG wire:73 -  << "x-ms-correlation-id: 3675dd8e-7568-452c-bfdc-aa0af6343f0c[\r][\n]"
2021-04-29 14:07:34 DEBUG wire:73 -  << "x-ms-client-tracking-id: 08585819214233205227521385126CU00[\r][\n]"
2021-04-29 14:07:34 DEBUG wire:73 -  << "x-ms-trigger-history-name: 08585819214233205227521385126CU00[\r][\n]"
2021-04-29 14:07:34 DEBUG wire:73 -  << "x-ms-execution-location: eastus[\r][\n]"
2021-04-29 14:07:34 DEBUG wire:73 -  << "x-ms-workflow-system-id: /locations/eastus/scaleunits/prod-03/workflows/21a2c519adea46fa8226d9348badd1c9[\r][\n]"
2021-04-29 14:07:34 DEBUG wire:73 -  << "x-ms-workflow-id: 21a2c519adea46fa8226d9348badd1c9[\r][\n]"
2021-04-29 14:07:34 DEBUG wire:73 -  << "x-ms-workflow-version: 08585825003350923326[\r][\n]"
2021-04-29 14:07:34 DEBUG wire:73 -  << "x-ms-workflow-name: sbd-SBD.CORP.JOURNEY-CAA-Inbound-APIMReceive-useast-dev-la[\r][\n]"
2021-04-29 14:07:34 DEBUG wire:73 -  << "x-ms-tracking-id: 3675dd8e-7568-452c-bfdc-aa0af6343f0c[\r][\n]"
2021-04-29 14:07:34 DEBUG wire:73 -  << "x-ms-request-id: eastus:3675dd8e-7568-452c-bfdc-aa0af6343f0c[\r][\n]"
2021-04-29 14:07:34 DEBUG wire:73 -  << "Strict-Transport-Security: max-age=31536000; includeSubDomains[\r][\n]"
2021-04-29 14:07:34 DEBUG wire:73 -  << "Date: Thu, 29 Apr 2021 08:37:43 GMT[\r][\n]"
2021-04-29 14:07:34 DEBUG wire:73 -  << "Content-Length: 163[\r][\n]"
2021-04-29 14:07:34 DEBUG wire:73 -  << "[\r][\n]"
2021-04-29 14:07:34 DEBUG DefaultClientConnection:259 - Receiving response: HTTP/1.1 502 Bad Gateway
2021-04-29 14:07:34 DEBUG headers:262 - << HTTP/1.1 502 Bad Gateway
2021-04-29 14:07:34 DEBUG headers:265 - << Cache-Control: no-cache
2021-04-29 14:07:34 DEBUG headers:265 - << Pragma: no-cache
2021-04-29 14:07:34 DEBUG headers:265 - << Content-Type: application/json; charset=utf-8
2021-04-29 14:07:34 DEBUG headers:265 - << Expires: -1
2021-04-29 14:07:34 DEBUG headers:265 - << x-ms-failure-cause: Trigger
2021-04-29 14:07:34 DEBUG headers:265 - << x-ms-workflow-run-id: 08585819214233205227521385126CU00
2021-04-29 14:07:34 DEBUG headers:265 - << x-ms-correlation-id: 3675dd8e-7568-452c-bfdc-aa0af6343f0c
2021-04-29 14:07:34 DEBUG headers:265 - << x-ms-client-tracking-id: 08585819214233205227521385126CU00
2021-04-29 14:07:34 DEBUG headers:265 - << x-ms-trigger-history-name: 08585819214233205227521385126CU00
2021-04-29 14:07:34 DEBUG headers:265 - << x-ms-execution-location: eastus
2021-04-29 14:07:34 DEBUG headers:265 - << x-ms-workflow-system-id: /locations/eastus/scaleunits/prod-03/workflows/21a2c519adea46fa8226d9348badd1c9
2021-04-29 14:07:34 DEBUG headers:265 - << x-ms-workflow-id: 21a2c519adea46fa8226d9348badd1c9
2021-04-29 14:07:34 DEBUG headers:265 - << x-ms-workflow-version: 08585825003350923326
2021-04-29 14:07:34 DEBUG headers:265 - << x-ms-workflow-name: sbd-SBD.CORP.JOURNEY-CAA-Inbound-APIMReceive-useast-dev-la
2021-04-29 14:07:34 DEBUG headers:265 - << x-ms-tracking-id: 3675dd8e-7568-452c-bfdc-aa0af6343f0c
2021-04-29 14:07:34 DEBUG headers:265 - << x-ms-request-id: eastus:3675dd8e-7568-452c-bfdc-aa0af6343f0c
2021-04-29 14:07:34 DEBUG headers:265 - << Strict-Transport-Security: max-age=31536000; includeSubDomains
2021-04-29 14:07:34 DEBUG headers:265 - << Date: Thu, 29 Apr 2021 08:37:43 GMT
2021-04-29 14:07:34 DEBUG headers:265 - << Content-Length: 163
2021-04-29 14:07:34 DEBUG DefaultHttpClient:509 - Connection can be kept alive indefinitely
[...]
2021-04-29 14:09:13 DEBUG RestCalls:47 - io.restassured.internal.RequestSpecificationImpl@2550de2
2021-04-29 14:09:13 INFO  TestUtils:17 - *** Get String Body****
2021-04-29 14:09:13 DEBUG wire:87 -  << "{"error":{"code":"NoResponse","message":"The server did not receive a response from an upstream server. Request tracking id '08585819213231193978434406565CU01'."}}"
2021-04-29 14:09:13 DEBUG BasicClientConnectionManager:200 - Releasing connection org.apache.http.impl.conn.ManagedClientConnectionImpl@58e15de5
2021-04-29 14:09:13 DEBUG BasicClientConnectionManager:225 - Connection can be kept alive indefinitely
2021-04-29 14:09:13 INFO  TestUtils:33 - ********JsonPath Response for Post*****
2021-04-29 14:09:13 INFO  InboundTesting:165 - ***** End P10_PerfectMatch Test Cases ************
2021-04-29 14:09:13 INFO  TestUtils:48 - **** Getting response Code*******
]]></system-out>
  </testcase>
  <testcase name="P10_PerfectMatch" classname="Inbound_Testing.InboundTesting" time="0">
    <skipped message="expected [200] but found [502]"/>
    <system-out><![CDATA[2021-04-29 14:09:13 INFO  payLoadsConvertor:16 - Inside payloads fn:
2021-04-29 14:09:13 INFO  InboundTesting:158 - **** Test Cases : Post Method *****
2021-04-29 14:09:13 INFO  URL:51 - PetStore URL Endpoint: https://d-api.sbdinc.com/corpjourneycaa/v1/Inbound/post
2021-04-29 14:09:13 INFO  RestCalls:43 - Post Request Call-
2021-04-29 14:09:13 DEBUG BasicClientConnectionManager:161 - Get connection for route {s}->https://d-api.sbdinc.com:443
2021-04-29 14:09:13 DEBUG DefaultClientConnectionOperator:177 - Connecting to d-api.sbdinc.com:443
2021-04-29 14:09:14 DEBUG RequestAddCookies:123 - CookieSpec selected: ignoreCookies
2021-04-29 14:09:14 DEBUG RequestAuthCache:77 - Auth cache not set in the context
2021-04-29 14:09:14 DEBUG RequestTargetAuthentication:80 - Target auth state: UNCHALLENGED
2021-04-29 14:09:14 DEBUG RequestProxyAuthentication:89 - Proxy auth state: UNCHALLENGED
2021-04-29 14:09:14 DEBUG DefaultHttpClient:682 - Attempt 1 to execute request
2021-04-29 14:09:14 DEBUG DefaultClientConnection:274 - Sending request: POST /corpjourneycaa/v1/Inbound/post?Agora-Subscription-Key=48dfe6a704414f4c9f61b37a6b983fd7 HTTP/1.1
2021-04-29 14:09:14 DEBUG wire:73 -  >> "POST /corpjourneycaa/v1/Inbound/post?Agora-Subscription-Key=48dfe6a704414f4c9f61b37a6b983fd7 HTTP/1.1[\r][\n]"
2021-04-29 14:09:14 DEBUG wire:73 -  >> "Accept: */*[\r][\n]"
2021-04-29 14:09:14 DEBUG wire:73 -  >> "Content-Type: application/json; charset=UTF-8[\r][\n]"
2021-04-29 14:09:14 DEBUG wire:73 -  >> "Content-Length: 0[\r][\n]"
2021-04-29 14:09:14 DEBUG wire:73 -  >> "Host: d-api.sbdinc.com[\r][\n]"
2021-04-29 14:09:14 DEBUG wire:73 -  >> "Connection: Keep-Alive[\r][\n]"
2021-04-29 14:09:14 DEBUG wire:73 -  >> "User-Agent: Apache-HttpClient/4.5.3 (Java/1.8.0_191)[\r][\n]"
2021-04-29 14:09:14 DEBUG wire:73 -  >> "Accept-Encoding: gzip,deflate[\r][\n]"
2021-04-29 14:09:14 DEBUG wire:73 -  >> "[\r][\n]"
2021-04-29 14:09:14 DEBUG headers:278 - >> POST /corpjourneycaa/v1/Inbound/post?Agora-Subscription-Key=48dfe6a704414f4c9f61b37a6b983fd7 HTTP/1.1
2021-04-29 14:09:14 DEBUG headers:281 - >> Accept: */*
2021-04-29 14:09:14 DEBUG headers:281 - >> Content-Type: application/json; charset=UTF-8
2021-04-29 14:09:14 DEBUG headers:281 - >> Content-Length: 0
2021-04-29 14:09:14 DEBUG headers:281 - >> Host: d-api.sbdinc.com
2021-04-29 14:09:14 DEBUG headers:281 - >> Connection: Keep-Alive
2021-04-29 14:09:14 DEBUG headers:281 - >> User-Agent: Apache-HttpClient/4.5.3 (Java/1.8.0_191)
2021-04-29 14:09:14 DEBUG headers:281 - >> Accept-Encoding: gzip,deflate
2021-04-29 14:09:14 DEBUG wire:73 -  << "HTTP/1.1 502 Bad Gateway[\r][\n]"
2021-04-29 14:09:14 DEBUG wire:73 -  << "Cache-Control: no-cache[\r][\n]"
2021-04-29 14:09:14 DEBUG wire:73 -  << "Pragma: no-cache[\r][\n]"
2021-04-29 14:09:14 DEBUG wire:73 -  << "Content-Type: application/json; charset=utf-8[\r][\n]"
2021-04-29 14:09:14 DEBUG wire:73 -  << "Expires: -1[\r][\n]"
2021-04-29 14:09:14 DEBUG wire:73 -  << "x-ms-failure-cause: Trigger[\r][\n]"
2021-04-29 14:09:14 DEBUG wire:73 -  << "x-ms-workflow-run-id: 08585819213213451927098362805CU00[\r][\n]"
2021-04-29 14:09:14 DEBUG wire:73 -  << "x-ms-correlation-id: c4089015-f8a7-4914-97df-dd3d855bb152[\r][\n]"
2021-04-29 14:09:14 DEBUG wire:73 -  << "x-ms-client-tracking-id: 08585819213213451927098362805CU00[\r][\n]"
2021-04-29 14:09:14 DEBUG wire:73 -  << "x-ms-trigger-history-name: 08585819213213451927098362805CU00[\r][\n]"
2021-04-29 14:09:14 DEBUG wire:73 -  << "x-ms-execution-location: eastus[\r][\n]"
2021-04-29 14:09:14 DEBUG wire:73 -  << "x-ms-workflow-system-id: /locations/eastus/scaleunits/prod-03/workflows/21a2c519adea46fa8226d9348badd1c9[\r][\n]"
2021-04-29 14:09:14 DEBUG wire:73 -  << "x-ms-workflow-id: 21a2c519adea46fa8226d9348badd1c9[\r][\n]"
2021-04-29 14:09:14 DEBUG wire:73 -  << "x-ms-workflow-version: 08585825003350923326[\r][\n]"
2021-04-29 14:09:14 DEBUG wire:73 -  << "x-ms-workflow-name: sbd-SBD.CORP.JOURNEY-CAA-Inbound-APIMReceive-useast-dev-la[\r][\n]"
2021-04-29 14:09:14 DEBUG wire:73 -  << "x-ms-tracking-id: c4089015-f8a7-4914-97df-dd3d855bb152[\r][\n]"
2021-04-29 14:09:14 DEBUG wire:73 -  << "x-ms-request-id: eastus:c4089015-f8a7-4914-97df-dd3d855bb152[\r][\n]"
2021-04-29 14:09:14 DEBUG wire:73 -  << "Strict-Transport-Security: max-age=31536000; includeSubDomains[\r][\n]"
2021-04-29 14:09:14 DEBUG wire:73 -  << "Date: Thu, 29 Apr 2021 08:39:24 GMT[\r][\n]"
2021-04-29 14:09:14 DEBUG wire:73 -  << "Content-Length: 163[\r][\n]"
2021-04-29 14:09:14 DEBUG wire:73 -  << "[\r][\n]"
2021-04-29 14:09:14 DEBUG DefaultClientConnection:259 - Receiving response: HTTP/1.1 502 Bad Gateway
2021-04-29 14:09:14 DEBUG headers:262 - << HTTP/1.1 502 Bad Gateway
2021-04-29 14:09:14 DEBUG headers:265 - << Cache-Control: no-cache
2021-04-29 14:09:14 DEBUG headers:265 - << Pragma: no-cache
2021-04-29 14:09:14 DEBUG headers:265 - << Content-Type: application/json; charset=utf-8
2021-04-29 14:09:14 DEBUG headers:265 - << Expires: -1
2021-04-29 14:09:14 DEBUG headers:265 - << x-ms-failure-cause: Trigger
2021-04-29 14:09:14 DEBUG headers:265 - << x-ms-workflow-run-id: 08585819213213451927098362805CU00
2021-04-29 14:09:14 DEBUG headers:265 - << x-ms-correlation-id: c4089015-f8a7-4914-97df-dd3d855bb152
2021-04-29 14:09:14 DEBUG headers:265 - << x-ms-client-tracking-id: 08585819213213451927098362805CU00
2021-04-29 14:09:14 DEBUG headers:265 - << x-ms-trigger-history-name: 08585819213213451927098362805CU00
2021-04-29 14:09:14 DEBUG headers:265 - << x-ms-execution-location: eastus
2021-04-29 14:09:14 DEBUG headers:265 - << x-ms-workflow-system-id: /locations/eastus/scaleunits/prod-03/workflows/21a2c519adea46fa8226d9348badd1c9
2021-04-29 14:09:14 DEBUG headers:265 - << x-ms-workflow-id: 21a2c519adea46fa8226d9348badd1c9
2021-04-29 14:09:14 DEBUG headers:265 - << x-ms-workflow-version: 08585825003350923326
2021-04-29 14:09:14 DEBUG headers:265 - << x-ms-workflow-name: sbd-SBD.CORP.JOURNEY-CAA-Inbound-APIMReceive-useast-dev-la
2021-04-29 14:09:14 DEBUG headers:265 - << x-ms-tracking-id: c4089015-f8a7-4914-97df-dd3d855bb152
2021-04-29 14:09:14 DEBUG headers:265 - << x-ms-request-id: eastus:c4089015-f8a7-4914-97df-dd3d855bb152
2021-04-29 14:09:14 DEBUG headers:265 - << Strict-Transport-Security: max-age=31536000; includeSubDomains
2021-04-29 14:09:14 DEBUG headers:265 - << Date: Thu, 29 Apr 2021 08:39:24 GMT
2021-04-29 14:09:14 DEBUG headers:265 - << Content-Length: 163
2021-04-29 14:09:14 DEBUG DefaultHttpClient:509 - Connection can be kept alive indefinitely
2021-04-29 14:09:14 DEBUG RequestSpecificationImpl$RestAssuredHttpBuilder:545 - Parsing response as: application/json; charset=utf-8
2021-04-29 14:09:14 DEBUG RequestSpecificationImpl$RestAssuredHttpBuilder:548 - Parsed data to instance of: class org.apache.http.conn.EofSensorInputStream
2021-04-29 14:09:14 DEBUG RestCalls:47 - io.restassured.internal.RequestSpecificationImpl@144d62d4
2021-04-29 14:09:14 INFO  TestUtils:17 - *** Get String Body****
2021-04-29 14:09:14 DEBUG wire:87 -  << "{"error":{"code":"NoResponse","message":"The server did not receive a response from an upstream server. Request tracking id '08585819213213451927098362805CU00'."}}"
2021-04-29 14:09:14 DEBUG BasicClientConnectionManager:200 - Releasing connection org.apache.http.impl.conn.ManagedClientConnectionImpl@778d3741
2021-04-29 14:09:14 DEBUG BasicClientConnectionManager:225 - Connection can be kept alive indefinitely
2021-04-29 14:09:14 INFO  TestUtils:33 - ********JsonPath Response for Post*****
2021-04-29 14:09:14 INFO  InboundTesting:165 - ***** End P10_PerfectMatch Test Cases ************
2021-04-29 14:09:14 INFO  TestUtils:48 - **** Getting response Code*******
]]></system-out>
  </testcase>
  <testcase name="P10_PerfectMatch" classname="Inbound_Testing.InboundTesting" time="2.337">
    <failure message="expected [200] but found [502]" type="java.lang.AssertionError">java.lang.AssertionError: expected [200] but found [502]
	at Inbound_Testing.InboundTesting.P10_PerfectMatch(InboundTesting.java:166)
</failure>
    <system-out><![CDATA[2021-04-29 14:09:14 INFO  payLoadsConvertor:16 - Inside payloads fn:
2021-04-29 14:09:14 INFO  InboundTesting:158 - **** Test Cases : Post Method *****
2021-04-29 14:09:14 INFO  URL:51 - PetStore URL Endpoint: https://d-api.sbdinc.com/corpjourneycaa/v1/Inbound/post
2021-04-29 14:09:14 INFO  RestCalls:43 - Post Request Call-
2021-04-29 14:09:14 DEBUG BasicClientConnectionManager:161 - Get connection for route {s}->https://d-api.sbdinc.com:443
2021-04-29 14:09:14 DEBUG DefaultClientConnectionOperator:177 - Connecting to d-api.sbdinc.com:443
2021-04-29 14:09:15 DEBUG RequestAddCookies:123 - CookieSpec selected: ignoreCookies
2021-04-29 14:09:15 DEBUG RequestAuthCache:77 - Auth cache not set in the context
2021-04-29 14:09:15 DEBUG RequestTargetAuthentication:80 - Target auth state: UNCHALLENGED
2021-04-29 14:09:15 DEBUG RequestProxyAuthentication:89 - Proxy auth state: UNCHALLENGED
2021-04-29 14:09:15 DEBUG DefaultHttpClient:682 - Attempt 1 to execute request
2021-04-29 14:09:15 DEBUG DefaultClientConnection:274 - Sending request: POST /corpjourneycaa/v1/Inbound/post?Agora-Subscription-Key=48dfe6a704414f4c9f61b37a6b983fd7 HTTP/1.1
2021-04-29 14:09:15 DEBUG wire:73 -  >> "POST /corpjourneycaa/v1/Inbound/post?Agora-Subscription-Key=48dfe6a704414f4c9f61b37a6b983fd7 HTTP/1.1[\r][\n]"
2021-04-29 14:09:15 DEBUG wire:73 -  >> "Accept: */*[\r][\n]"
2021-04-29 14:09:15 DEBUG wire:73 -  >> "Content-Type: application/json; charset=UTF-8[\r][\n]"
2021-04-29 14:09:15 DEBUG wire:73 -  >> "Content-Length: 0[\r][\n]"
2021-04-29 14:09:15 DEBUG wire:73 -  >> "Host: d-api.sbdinc.com[\r][\n]"
2021-04-29 14:09:15 DEBUG wire:73 -  >> "Connection: Keep-Alive[\r][\n]"
2021-04-29 14:09:15 DEBUG wire:73 -  >> "User-Agent: Apache-HttpClient/4.5.3 (Java/1.8.0_191)[\r][\n]"
2021-04-29 14:09:15 DEBUG wire:73 -  >> "Accept-Encoding: gzip,deflate[\r][\n]"
2021-04-29 14:09:15 DEBUG wire:73 -  >> "[\r][\n]"
2021-04-29 14:09:15 DEBUG headers:278 - >> POST /corpjourneycaa/v1/Inbound/post?Agora-Subscription-Key=48dfe6a704414f4c9f61b37a6b983fd7 HTTP/1.1
2021-04-29 14:09:15 DEBUG headers:281 - >> Accept: */*
2021-04-29 14:09:15 DEBUG headers:281 - >> Content-Type: application/json; charset=UTF-8
2021-04-29 14:09:15 DEBUG headers:281 - >> Content-Length: 0
2021-04-29 14:09:15 DEBUG headers:281 - >> Host: d-api.sbdinc.com
2021-04-29 14:09:15 DEBUG headers:281 - >> Connection: Keep-Alive
2021-04-29 14:09:15 DEBUG headers:281 - >> User-Agent: Apache-HttpClient/4.5.3 (Java/1.8.0_191)
2021-04-29 14:09:15 DEBUG headers:281 - >> Accept-Encoding: gzip,deflate
2021-04-29 14:09:17 DEBUG wire:73 -  << "HTTP/1.1 502 Bad Gateway[\r][\n]"
2021-04-29 14:09:17 DEBUG wire:73 -  << "Cache-Control: no-cache[\r][\n]"
2021-04-29 14:09:17 DEBUG wire:73 -  << "Pragma: no-cache[\r][\n]"
2021-04-29 14:09:17 DEBUG wire:73 -  << "Content-Type: application/json; charset=utf-8[\r][\n]"
2021-04-29 14:09:17 DEBUG wire:73 -  << "Expires: -1[\r][\n]"
2021-04-29 14:09:17 DEBUG wire:73 -  << "x-ms-failure-cause: Trigger[\r][\n]"
2021-04-29 14:09:17 DEBUG wire:73 -  << "x-ms-workflow-run-id: 08585819213195790278555274853CU01[\r][\n]"
2021-04-29 14:09:17 DEBUG wire:73 -  << "x-ms-correlation-id: 223509d0-e9bd-414c-9661-5cdcbfdaf63b[\r][\n]"
2021-04-29 14:09:17 DEBUG wire:73 -  << "x-ms-client-tracking-id: 08585819213195790278555274853CU01[\r][\n]"
2021-04-29 14:09:17 DEBUG wire:73 -  << "x-ms-trigger-history-name: 08585819213195790278555274853CU01[\r][\n]"
2021-04-29 14:09:17 DEBUG wire:73 -  << "x-ms-execution-location: eastus[\r][\n]"
2021-04-29 14:09:17 DEBUG wire:73 -  << "x-ms-workflow-system-id: /locations/eastus/scaleunits/prod-03/workflows/21a2c519adea46fa8226d9348badd1c9[\r][\n]"
2021-04-29 14:09:17 DEBUG wire:73 -  << "x-ms-workflow-id: 21a2c519adea46fa8226d9348badd1c9[\r][\n]"
2021-04-29 14:09:17 DEBUG wire:73 -  << "x-ms-workflow-version: 08585825003350923326[\r][\n]"
2021-04-29 14:09:17 DEBUG wire:73 -  << "x-ms-workflow-name: sbd-SBD.CORP.JOURNEY-CAA-Inbound-APIMReceive-useast-dev-la[\r][\n]"
2021-04-29 14:09:17 DEBUG wire:73 -  << "x-ms-tracking-id: 223509d0-e9bd-414c-9661-5cdcbfdaf63b[\r][\n]"
2021-04-29 14:09:17 DEBUG wire:73 -  << "x-ms-request-id: eastus:223509d0-e9bd-414c-9661-5cdcbfdaf63b[\r][\n]"
2021-04-29 14:09:17 DEBUG wire:73 -  << "Strict-Transport-Security: max-age=31536000; includeSubDomains[\r][\n]"
2021-04-29 14:09:17 DEBUG wire:73 -  << "Date: Thu, 29 Apr 2021 08:39:27 GMT[\r][\n]"
2021-04-29 14:09:17 DEBUG wire:73 -  << "Content-Length: 163[\r][\n]"
2021-04-29 14:09:17 DEBUG wire:73 -  << "[\r][\n]"
2021-04-29 14:09:17 DEBUG DefaultClientConnection:259 - Receiving response: HTTP/1.1 502 Bad Gateway
2021-04-29 14:09:17 DEBUG headers:262 - << HTTP/1.1 502 Bad Gateway
2021-04-29 14:09:17 DEBUG headers:265 - << Cache-Control: no-cache
2021-04-29 14:09:17 DEBUG headers:265 - << Pragma: no-cache
2021-04-29 14:09:17 DEBUG headers:265 - << Content-Type: application/json; charset=utf-8
2021-04-29 14:09:17 DEBUG headers:265 - << Expires: -1
2021-04-29 14:09:17 DEBUG headers:265 - << x-ms-failure-cause: Trigger
2021-04-29 14:09:17 DEBUG headers:265 - << x-ms-workflow-run-id: 08585819213195790278555274853CU01
2021-04-29 14:09:17 DEBUG headers:265 - << x-ms-correlation-id: 223509d0-e9bd-414c-9661-5cdcbfdaf63b
2021-04-29 14:09:17 DEBUG headers:265 - << x-ms-client-tracking-id: 08585819213195790278555274853CU01
2021-04-29 14:09:17 DEBUG headers:265 - << x-ms-trigger-history-name: 08585819213195790278555274853CU01
2021-04-29 14:09:17 DEBUG headers:265 - << x-ms-execution-location: eastus
2021-04-29 14:09:17 DEBUG headers:265 - << x-ms-workflow-system-id: /locations/eastus/scaleunits/prod-03/workflows/21a2c519adea46fa8226d9348badd1c9
2021-04-29 14:09:17 DEBUG headers:265 - << x-ms-workflow-id: 21a2c519adea46fa8226d9348badd1c9
2021-04-29 14:09:17 DEBUG headers:265 - << x-ms-workflow-version: 08585825003350923326
2021-04-29 14:09:17 DEBUG headers:265 - << x-ms-workflow-name: sbd-SBD.CORP.JOURNEY-CAA-Inbound-APIMReceive-useast-dev-la
2021-04-29 14:09:17 DEBUG headers:265 - << x-ms-tracking-id: 223509d0-e9bd-414c-9661-5cdcbfdaf63b
2021-04-29 14:09:17 DEBUG headers:265 - << x-ms-request-id: eastus:223509d0-e9bd-414c-9661-5cdcbfdaf63b
2021-04-29 14:09:17 DEBUG headers:265 - << Strict-Transport-Security: max-age=31536000; includeSubDomains
2021-04-29 14:09:17 DEBUG headers:265 - << Date: Thu, 29 Apr 2021 08:39:27 GMT
2021-04-29 14:09:17 DEBUG headers:265 - << Content-Length: 163
2021-04-29 14:09:17 DEBUG DefaultHttpClient:509 - Connection can be kept alive indefinitely
2021-04-29 14:09:17 DEBUG RequestSpecificationImpl$RestAssuredHttpBuilder:545 - Parsing response as: application/json; charset=utf-8
2021-04-29 14:09:17 DEBUG RequestSpecificationImpl$RestAssuredHttpBuilder:548 - Parsed data to instance of: class org.apache.http.conn.EofSensorInputStream
2021-04-29 14:09:17 DEBUG RestCalls:47 - io.restassured.internal.RequestSpecificationImpl@52412369
2021-04-29 14:09:17 INFO  TestUtils:17 - *** Get String Body****
2021-04-29 14:09:17 DEBUG wire:87 -  << "{"error":{"code":"NoResponse","message":"The server did not receive a response from an upstream server. Request tracking id '08585819213195790278555274853CU01'."}}"
2021-04-29 14:09:17 DEBUG BasicClientConnectionManager:200 - Releasing connection org.apache.http.impl.conn.ManagedClientConnectionImpl@d8cf433
2021-04-29 14:09:17 DEBUG BasicClientConnectionManager:225 - Connection can be kept alive indefinitely
2021-04-29 14:09:17 INFO  TestUtils:33 - ********JsonPath Response for Post*****
2021-04-29 14:09:17 INFO  InboundTesting:165 - ***** End P10_PerfectMatch Test Cases ************
2021-04-29 14:09:17 INFO  TestUtils:48 - **** Getting response Code*******
]]></system-out>
  </testcase>
  <testcase name="P10_ShortPayment" classname="Inbound_Testing.InboundTesting" time="0">
    <skipped message="body cannot be null"/>
    <system-out><![CDATA[2021-04-29 14:09:17 INFO  payLoadsConvertor:16 - Inside payloads fn:
2021-04-29 14:09:18 ERROR payLoadsConvertor:22 - java.nio.file.NoSuchFileException: C:\Rest Assured Framework\workspace\simple.restassured\resources\P10_ShortPayment.json
2021-04-29 14:09:18 INFO  InboundTesting:176 - **** Test Cases : Post Method *****
2021-04-29 14:09:18 INFO  URL:51 - PetStore URL Endpoint: https://d-api.sbdinc.com/corpjourneycaa/v1/Inbound/post
2021-04-29 14:09:18 INFO  RestCalls:43 - Post Request Call-
]]></system-out>
  </testcase>
  <testcase name="P10_ShortPayment" classname="Inbound_Testing.InboundTesting" time="0">
    <skipped message="body cannot be null"/>
    <system-out><![CDATA[2021-04-29 14:09:18 INFO  payLoadsConvertor:16 - Inside payloads fn:
2021-04-29 14:09:18 ERROR payLoadsConvertor:22 - java.nio.file.NoSuchFileException: C:\Rest Assured Framework\workspace\simple.restassured\resources\P10_ShortPayment.json
2021-04-29 14:09:18 INFO  InboundTesting:176 - **** Test Cases : Post Method *****
2021-04-29 14:09:18 INFO  URL:51 - PetStore URL Endpoint: https://d-api.sbdinc.com/corpjourneycaa/v1/Inbound/post
2021-04-29 14:09:18 INFO  RestCalls:43 - Post Request Call-
]]></system-out>
  </testcase>
  <testcase name="P10_ShortPayment" classname="Inbound_Testing.InboundTesting" time="0">
    <skipped message="body cannot be null"/>
    <system-out><![CDATA[2021-04-29 14:09:18 INFO  payLoadsConvertor:16 - Inside payloads fn:
2021-04-29 14:09:18 ERROR payLoadsConvertor:22 - java.nio.file.NoSuchFileException: C:\Rest Assured Framework\workspace\simple.restassured\resources\P10_ShortPayment.json
2021-04-29 14:09:18 INFO  InboundTesting:176 - **** Test Cases : Post Method *****
2021-04-29 14:09:18 INFO  URL:51 - PetStore URL Endpoint: https://d-api.sbdinc.com/corpjourneycaa/v1/Inbound/post
2021-04-29 14:09:18 INFO  RestCalls:43 - Post Request Call-
]]></system-out>
  </testcase>
  <testcase name="P10_ShortPayment" classname="Inbound_Testing.InboundTesting" time="0.004">
    <failure message="body cannot be null" type="java.lang.IllegalArgumentException">java.lang.IllegalArgumentException: body cannot be null
	at Inbound_Testing.InboundTesting.P10_ShortPayment(InboundTesting.java:179)
</failure>
    <system-out><![CDATA[2021-04-29 14:09:18 INFO  payLoadsConvertor:16 - Inside payloads fn:
2021-04-29 14:09:18 ERROR payLoadsConvertor:22 - java.nio.file.NoSuchFileException: C:\Rest Assured Framework\workspace\simple.restassured\resources\P10_ShortPayment.json
2021-04-29 14:09:18 INFO  InboundTesting:176 - **** Test Cases : Post Method *****
2021-04-29 14:09:18 INFO  URL:51 - PetStore URL Endpoint: https://d-api.sbdinc.com/corpjourneycaa/v1/Inbound/post
2021-04-29 14:09:18 INFO  RestCalls:43 - Post Request Call-
]]></system-out>
  </testcase>
  <testcase name="P10_Sundry" classname="Inbound_Testing.InboundTesting" time="4.346"/>
  <testcase name="P10_WriteOff" classname="Inbound_Testing.InboundTesting" time="2.518"/>
</testsuite>