<?xml version="1.0" encoding="UTF-8"?>
<!-- Generated by org.testng.reporters.JUnitReportReporter -->
<testsuite skipped="0" hostname="Lenovo-PC" name="Inbound_Testing.Dev_InboundTesting" tests="21" failures="0" timestamp="2021-08-18T19:38:01 IST" time="160.338" errors="0">
  <testcase name="P10_DuplicatePayment" time="3.125" classname="Inbound_Testing.Dev_InboundTesting"/>
  <system-out/>
  <testcase name="P10_PartialPayment" time="3.726" classname="Inbound_Testing.Dev_InboundTesting"/>
  <system-out/>
  <testcase name="C11_Deduction" time="42.724" classname="Inbound_Testing.Dev_InboundTesting"/>
  <system-out/>
  <testcase name="P10_WriteOff" time="2.984" classname="Inbound_Testing.Dev_InboundTesting"/>
  <system-out/>
  <testcase name="C11_PerfectMatch" time="5.332" classname="Inbound_Testing.Dev_InboundTesting"/>
  <system-out/>
  <testcase name="P10_DelCred" time="8.371" classname="Inbound_Testing.Dev_InboundTesting"/>
  <system-out/>
  <testcase name="C11_PartailPayment" time="3.713" classname="Inbound_Testing.Dev_InboundTesting"/>
  <system-out/>
  <testcase name="P10_ShortPayment" time="0.172" classname="Inbound_Testing.Dev_InboundTesting"/>
  <system-out/>
  <testcase name="C11_OverPayment" time="2.482" classname="Inbound_Testing.Dev_InboundTesting"/>
  <system-out/>
  <testcase name="P10_Deduction" time="6.804" classname="Inbound_Testing.Dev_InboundTesting"/>
  <system-out/>
  <testcase name="C11_OnAccount" time="1.864" classname="Inbound_Testing.Dev_InboundTesting"/>
  <system-out/>
  <testcase name="P10_BankFee" time="5.104" classname="Inbound_Testing.Dev_InboundTesting"/>
  <system-out/>
  <testcase name="C11_Writeoff" time="5.118" classname="Inbound_Testing.Dev_InboundTesting"/>
  <system-out/>
  <testcase name="P10_Discount" time="5.282" classname="Inbound_Testing.Dev_InboundTesting"/>
  <system-out/>
  <testcase name="C11_BankFee" time="42.726" classname="Inbound_Testing.Dev_InboundTesting"/>
  <system-out/>
  <testcase name="P10_OnAccount" time="4.370" classname="Inbound_Testing.Dev_InboundTesting"/>
  <system-out/>
  <testcase name="P10_PerfectMatch" time="1.920" classname="Inbound_Testing.Dev_InboundTesting"/>
  <system-out/>
  <testcase name="C11_ShortPayment" time="2.441" classname="Inbound_Testing.Dev_InboundTesting"/>
  <system-out/>
  <testcase name="C11_Discount" time="2.660" classname="Inbound_Testing.Dev_InboundTesting"/>
  <system-out/>
  <testcase name="P10_OverPayment" time="6.359" classname="Inbound_Testing.Dev_InboundTesting"/>
  <system-out/>
  <testcase name="C11_DuplicatePayment" time="3.061" classname="Inbound_Testing.Dev_InboundTesting"/>
  <system-out/>
</testsuite> <!-- Inbound_Testing.Dev_InboundTesting -->
